This file contains any messages produced by compilers while
running configure, to aid debugging if configure makes a mistake.

It was created by guacamole-server configure 1.5.4, which was
generated by GNU Autoconf 2.71.  Invocation command line was

  $ ./configure

## --------- ##
## Platform. ##
## --------- ##

hostname = pablo-XPS-9320
uname -m = x86_64
uname -r = 6.1.0-1034-oem
uname -s = Linux
uname -v = #34-Ubuntu SMP PREEMPT_DYNAMIC Mon Feb  5 18:29:21 UTC 2024

/usr/bin/uname -p = x86_64
/bin/uname -X     = unknown

/bin/arch              = x86_64
/usr/bin/arch -k       = unknown
/usr/convex/getsysinfo = unknown
/usr/bin/hostinfo      = unknown
/bin/machine           = unknown
/usr/bin/oslevel       = unknown
/bin/universe          = unknown

PATH: /usr/local/sbin/
PATH: /usr/local/bin/
PATH: /usr/sbin/
PATH: /usr/bin/
PATH: /sbin/
PATH: /bin/
PATH: /usr/games/
PATH: /usr/local/games/
PATH: /snap/bin/


## ----------- ##
## Core tests. ##
## ----------- ##

configure:2773: looking for aux files: tap-driver.sh compile config.guess config.sub ltmain.sh missing install-sh
configure:2786:  trying ./build-aux/
configure:2815:   ./build-aux/tap-driver.sh found
configure:2815:   ./build-aux/compile found
configure:2815:   ./build-aux/config.guess found
configure:2815:   ./build-aux/config.sub found
configure:2815:   ./build-aux/ltmain.sh found
configure:2815:   ./build-aux/missing found
configure:2797:   ./build-aux/install-sh found
configure:2945: checking for a BSD-compatible install
configure:3018: result: /usr/bin/install -c
configure:3029: checking whether build environment is sane
configure:3084: result: yes
configure:3243: checking for a race-free mkdir -p
configure:3287: result: /usr/bin/mkdir -p
configure:3294: checking for gawk
configure:3315: found /usr/bin/gawk
configure:3326: result: gawk
configure:3337: checking whether make sets $(MAKE)
configure:3360: result: yes
configure:3390: checking whether make supports nested variables
configure:3408: result: yes
configure:3556: checking whether make supports nested variables
configure:3574: result: yes
configure:3619: checking build system type
configure:3634: result: x86_64-pc-linux-gnu
configure:3654: checking host system type
configure:3668: result: x86_64-pc-linux-gnu
configure:3709: checking how to print strings
configure:3736: result: printf
configure:3770: checking whether make supports the include directive
configure:3785: make -f confmf.GNU && cat confinc.out
this is the am__doit target
configure:3788: $? = 0
configure:3807: result: yes (GNU style)
configure:3883: checking for gcc
configure:3904: found /usr/bin/gcc
configure:3915: result: gcc
configure:4268: checking for C compiler version
configure:4277: gcc --version >&5
gcc (Ubuntu 11.4.0-1ubuntu1~22.04) 11.4.0
Copyright (C) 2021 Free Software Foundation, Inc.
This is free software; see the source for copying conditions.  There is NO
warranty; not even for MERCHANTABILITY or FITNESS FOR A PARTICULAR PURPOSE.

configure:4288: $? = 0
configure:4277: gcc -v >&5
Using built-in specs.
COLLECT_GCC=gcc
COLLECT_LTO_WRAPPER=/usr/lib/gcc/x86_64-linux-gnu/11/lto-wrapper
OFFLOAD_TARGET_NAMES=nvptx-none:amdgcn-amdhsa
OFFLOAD_TARGET_DEFAULT=1
Target: x86_64-linux-gnu
Configured with: ../src/configure -v --with-pkgversion='Ubuntu 11.4.0-1ubuntu1~22.04' --with-bugurl=file:///usr/share/doc/gcc-11/README.Bugs --enable-languages=c,ada,c++,go,brig,d,fortran,objc,obj-c++,m2 --prefix=/usr --with-gcc-major-version-only --program-suffix=-11 --program-prefix=x86_64-linux-gnu- --enable-shared --enable-linker-build-id --libexecdir=/usr/lib --without-included-gettext --enable-threads=posix --libdir=/usr/lib --enable-nls --enable-bootstrap --enable-clocale=gnu --enable-libstdcxx-debug --enable-libstdcxx-time=yes --with-default-libstdcxx-abi=new --enable-gnu-unique-object --disable-vtable-verify --enable-plugin --enable-default-pie --with-system-zlib --enable-libphobos-checking=release --with-target-system-zlib=auto --enable-objc-gc=auto --enable-multiarch --disable-werror --enable-cet --with-arch-32=i686 --with-abi=m64 --with-multilib-list=m32,m64,mx32 --enable-multilib --with-tune=generic --enable-offload-targets=nvptx-none=/build/gcc-11-XeT9lY/gcc-11-11.4.0/debian/tmp-nvptx/usr,amdgcn-amdhsa=/build/gcc-11-XeT9lY/gcc-11-11.4.0/debian/tmp-gcn/usr --without-cuda-driver --enable-checking=release --build=x86_64-linux-gnu --host=x86_64-linux-gnu --target=x86_64-linux-gnu --with-build-config=bootstrap-lto-lean --enable-link-serialization=2
Thread model: posix
Supported LTO compression algorithms: zlib zstd
gcc version 11.4.0 (Ubuntu 11.4.0-1ubuntu1~22.04) 
... rest of stderr output deleted ...
configure:4288: $? = 0
configure:4277: gcc -V >&5
gcc: error: unrecognized command-line option '-V'
gcc: fatal error: no input files
compilation terminated.
configure:4288: $? = 1
configure:4277: gcc -qversion >&5
gcc: error: unrecognized command-line option '-qversion'; did you mean '--version'?
gcc: fatal error: no input files
compilation terminated.
configure:4288: $? = 1
configure:4277: gcc -version >&5
gcc: error: unrecognized command-line option '-version'
gcc: fatal error: no input files
compilation terminated.
configure:4288: $? = 1
configure:4308: checking whether the C compiler works
configure:4330: gcc    conftest.c  >&5
configure:4334: $? = 0
configure:4384: result: yes
configure:4387: checking for C compiler default output file name
configure:4389: result: a.out
configure:4395: checking for suffix of executables
configure:4402: gcc -o conftest    conftest.c  >&5
configure:4406: $? = 0
configure:4429: result: 
configure:4451: checking whether we are cross compiling
configure:4459: gcc -o conftest    conftest.c  >&5
configure:4463: $? = 0
configure:4470: ./conftest
configure:4474: $? = 0
configure:4489: result: no
configure:4494: checking for suffix of object files
configure:4517: gcc -c   conftest.c >&5
configure:4521: $? = 0
configure:4543: result: o
configure:4547: checking whether the compiler supports GNU C
configure:4567: gcc -c   conftest.c >&5
configure:4567: $? = 0
configure:4577: result: yes
configure:4588: checking whether gcc accepts -g
configure:4609: gcc -c -g  conftest.c >&5
configure:4609: $? = 0
configure:4653: result: yes
configure:4673: checking for gcc option to enable C11 features
configure:4688: gcc  -c -g -O2  conftest.c >&5
configure:4688: $? = 0
configure:4706: result: none needed
configure:4822: checking whether gcc understands -c and -o together
configure:4845: gcc -c conftest.c -o conftest2.o
configure:4848: $? = 0
configure:4845: gcc -c conftest.c -o conftest2.o
configure:4848: $? = 0
configure:4860: result: yes
configure:4879: checking dependency style of gcc
configure:4991: result: gcc3
configure:5006: checking for a sed that does not truncate output
configure:5076: result: /usr/bin/sed
configure:5094: checking for grep that handles long lines and -e
configure:5158: result: /usr/bin/grep
configure:5163: checking for egrep
configure:5231: result: /usr/bin/grep -E
configure:5236: checking for fgrep
configure:5304: result: /usr/bin/grep -F
configure:5340: checking for ld used by gcc
configure:5408: result: /usr/bin/ld
configure:5415: checking if the linker (/usr/bin/ld) is GNU ld
configure:5431: result: yes
configure:5443: checking for BSD- or MS-compatible name lister (nm)
configure:5498: result: /usr/bin/nm -B
configure:5638: checking the name lister (/usr/bin/nm -B) interface
configure:5646: gcc -c -g -O2  conftest.c >&5
configure:5649: /usr/bin/nm -B "conftest.o"
configure:5652: output
0000000000000000 B some_variable
configure:5659: result: BSD nm
configure:5662: checking whether ln -s works
configure:5666: result: yes
configure:5674: checking the maximum length of command line arguments
configure:5806: result: 1572864
configure:5854: checking how to convert x86_64-pc-linux-gnu file names to x86_64-pc-linux-gnu format
configure:5895: result: func_convert_file_noop
configure:5902: checking how to convert x86_64-pc-linux-gnu file names to toolchain format
configure:5923: result: func_convert_file_noop
configure:5930: checking for /usr/bin/ld option to reload object files
configure:5938: result: -r
configure:6017: checking for file
configure:6038: found /usr/bin/file
configure:6049: result: file
configure:6125: checking for objdump
configure:6146: found /usr/bin/objdump
configure:6157: result: objdump
configure:6189: checking how to recognize dependent libraries
configure:6390: result: pass_all
configure:6480: checking for dlltool
configure:6515: result: no
configure:6545: checking how to associate runtime and link libraries
configure:6573: result: printf %s\n
configure:6639: checking for ar
configure:6660: found /usr/bin/ar
configure:6671: result: ar
configure:6724: checking for archiver @FILE support
configure:6742: gcc -c -g -O2  conftest.c >&5
configure:6742: $? = 0
configure:6746: ar cr libconftest.a @conftest.lst >&5
configure:6749: $? = 0
configure:6754: ar cr libconftest.a @conftest.lst >&5
ar: conftest.o: No such file or directory
configure:6757: $? = 1
configure:6769: result: @
configure:6832: checking for strip
configure:6853: found /usr/bin/strip
configure:6864: result: strip
configure:6941: checking for ranlib
configure:6962: found /usr/bin/ranlib
configure:6973: result: ranlib
configure:7075: checking command to parse /usr/bin/nm -B output from gcc object
configure:7229: gcc -c -g -O2  conftest.c >&5
configure:7232: $? = 0
configure:7236: /usr/bin/nm -B conftest.o \| /usr/bin/sed -n -e 's/^.*[ ]\([ABCDGIRSTW][ABCDGIRSTW]*\)[ ][ ]*\([_A-Za-z][_A-Za-z0-9]*\)$/\1 \2 \2/p' | /usr/bin/sed '/ __gnu_lto/d' \> conftest.nm
configure:7239: $? = 0
configure:7305: gcc -o conftest -g -O2   conftest.c conftstm.o >&5
configure:7308: $? = 0
configure:7346: result: ok
configure:7393: checking for sysroot
configure:7424: result: no
configure:7431: checking for a working dd
configure:7475: result: /usr/bin/dd
configure:7479: checking how to truncate binary pipes
configure:7495: result: /usr/bin/dd bs=4096 count=1
configure:7632: gcc -c -g -O2  conftest.c >&5
configure:7635: $? = 0
configure:7832: checking for mt
configure:7853: found /usr/bin/mt
configure:7864: result: mt
configure:7887: checking if mt is a manifest tool
configure:7894: mt '-?'
configure:7902: result: no
configure:8627: checking for stdio.h
configure:8627: gcc -c -g -O2  conftest.c >&5
configure:8627: $? = 0
configure:8627: result: yes
configure:8627: checking for stdlib.h
configure:8627: gcc -c -g -O2  conftest.c >&5
configure:8627: $? = 0
configure:8627: result: yes
configure:8627: checking for string.h
configure:8627: gcc -c -g -O2  conftest.c >&5
configure:8627: $? = 0
configure:8627: result: yes
configure:8627: checking for inttypes.h
configure:8627: gcc -c -g -O2  conftest.c >&5
configure:8627: $? = 0
configure:8627: result: yes
configure:8627: checking for stdint.h
configure:8627: gcc -c -g -O2  conftest.c >&5
configure:8627: $? = 0
configure:8627: result: yes
configure:8627: checking for strings.h
configure:8627: gcc -c -g -O2  conftest.c >&5
configure:8627: $? = 0
configure:8627: result: yes
configure:8627: checking for sys/stat.h
configure:8627: gcc -c -g -O2  conftest.c >&5
configure:8627: $? = 0
configure:8627: result: yes
configure:8627: checking for sys/types.h
configure:8627: gcc -c -g -O2  conftest.c >&5
configure:8627: $? = 0
configure:8627: result: yes
configure:8627: checking for unistd.h
configure:8627: gcc -c -g -O2  conftest.c >&5
configure:8627: $? = 0
configure:8627: result: yes
configure:8652: checking for dlfcn.h
configure:8652: gcc -c -g -O2  conftest.c >&5
configure:8652: $? = 0
configure:8652: result: yes
configure:8910: checking for objdir
configure:8926: result: .libs
configure:9190: checking if gcc supports -fno-rtti -fno-exceptions
configure:9209: gcc -c -g -O2  -fno-rtti -fno-exceptions conftest.c >&5
cc1: warning: command-line option '-fno-rtti' is valid for C++/D/ObjC++ but not for C
configure:9213: $? = 0
configure:9226: result: no
configure:9584: checking for gcc option to produce PIC
configure:9592: result: -fPIC -DPIC
configure:9600: checking if gcc PIC flag -fPIC -DPIC works
configure:9619: gcc -c -g -O2  -fPIC -DPIC -DPIC conftest.c >&5
configure:9623: $? = 0
configure:9636: result: yes
configure:9665: checking if gcc static flag -static works
configure:9694: result: yes
configure:9709: checking if gcc supports -c -o file.o
configure:9731: gcc -c -g -O2  -o out/conftest2.o conftest.c >&5
configure:9735: $? = 0
configure:9757: result: yes
configure:9765: checking if gcc supports -c -o file.o
configure:9813: result: yes
configure:9846: checking whether the gcc linker (/usr/bin/ld -m elf_x86_64) supports shared libraries
configure:11114: result: yes
configure:11151: checking whether -lc should be explicitly linked in
configure:11160: gcc -c -g -O2  conftest.c >&5
configure:11163: $? = 0
configure:11178: gcc -shared  -fPIC -DPIC conftest.o  -v -Wl,-soname -Wl,conftest -o conftest 2\>\&1 \| /usr/bin/grep  -lc  \>/dev/null 2\>\&1
configure:11181: $? = 0
configure:11195: result: no
configure:11355: checking dynamic linker characteristics
configure:11937: gcc -o conftest -g -O2   -Wl,-rpath -Wl,/foo conftest.c  >&5
configure:11937: $? = 0
configure:12179: result: GNU/Linux ld.so
configure:12301: checking how to hardcode library paths into programs
configure:12326: result: immediate
configure:12428: checking for shl_load
configure:12428: gcc -o conftest -g -O2   conftest.c  >&5
/usr/bin/ld: /tmp/ccruoctl.o: in function `main':
/home/oneadmin/repos/one/guacamole-server-1.5.4/conftest.c:50: undefined reference to `shl_load'
collect2: error: ld returned 1 exit status
configure:12428: $? = 1
configure: failed program was:
| /* confdefs.h */
| #define PACKAGE_NAME "guacamole-server"
| #define PACKAGE_TARNAME "guacamole-server"
| #define PACKAGE_VERSION "1.5.4"
| #define PACKAGE_STRING "guacamole-server 1.5.4"
| #define PACKAGE_BUGREPORT ""
| #define PACKAGE_URL ""
| #define PACKAGE "guacamole-server"
| #define VERSION "1.5.4"
| #define HAVE_STDIO_H 1
| #define HAVE_STDLIB_H 1
| #define HAVE_STRING_H 1
| #define HAVE_INTTYPES_H 1
| #define HAVE_STDINT_H 1
| #define HAVE_STRINGS_H 1
| #define HAVE_SYS_STAT_H 1
| #define HAVE_SYS_TYPES_H 1
| #define HAVE_UNISTD_H 1
| #define STDC_HEADERS 1
| #define HAVE_DLFCN_H 1
| #define LT_OBJDIR ".libs/"
| /* end confdefs.h.  */
| /* Define shl_load to an innocuous variant, in case <limits.h> declares shl_load.
|    For example, HP-UX 11i <limits.h> declares gettimeofday.  */
| #define shl_load innocuous_shl_load
| 
| /* System header to define __stub macros and hopefully few prototypes,
|    which can conflict with char shl_load (); below.  */
| 
| #include <limits.h>
| #undef shl_load
| 
| /* Override any GCC internal prototype to avoid an error.
|    Use char because int might match the return type of a GCC
|    builtin and then its argument prototype would still apply.  */
| #ifdef __cplusplus
| extern "C"
| #endif
| char shl_load ();
| /* The GNU C library defines this for functions which it implements
|     to always fail with ENOSYS.  Some functions are actually named
|     something starting with __ and the normal name is an alias.  */
| #if defined __stub_shl_load || defined __stub___shl_load
| choke me
| #endif
| 
| int
| main (void)
| {
| return shl_load ();
|   ;
|   return 0;
| }
configure:12428: result: no
configure:12433: checking for shl_load in -ldld
configure:12456: gcc -o conftest -g -O2   conftest.c -ldld   >&5
/usr/bin/ld: cannot find -ldld: No such file or directory
collect2: error: ld returned 1 exit status
configure:12456: $? = 1
configure: failed program was:
| /* confdefs.h */
| #define PACKAGE_NAME "guacamole-server"
| #define PACKAGE_TARNAME "guacamole-server"
| #define PACKAGE_VERSION "1.5.4"
| #define PACKAGE_STRING "guacamole-server 1.5.4"
| #define PACKAGE_BUGREPORT ""
| #define PACKAGE_URL ""
| #define PACKAGE "guacamole-server"
| #define VERSION "1.5.4"
| #define HAVE_STDIO_H 1
| #define HAVE_STDLIB_H 1
| #define HAVE_STRING_H 1
| #define HAVE_INTTYPES_H 1
| #define HAVE_STDINT_H 1
| #define HAVE_STRINGS_H 1
| #define HAVE_SYS_STAT_H 1
| #define HAVE_SYS_TYPES_H 1
| #define HAVE_UNISTD_H 1
| #define STDC_HEADERS 1
| #define HAVE_DLFCN_H 1
| #define LT_OBJDIR ".libs/"
| /* end confdefs.h.  */
| 
| /* Override any GCC internal prototype to avoid an error.
|    Use char because int might match the return type of a GCC
|    builtin and then its argument prototype would still apply.  */
| char shl_load ();
| int
| main (void)
| {
| return shl_load ();
|   ;
|   return 0;
| }
configure:12466: result: no
configure:12472: checking for dlopen
configure:12472: gcc -o conftest -g -O2   conftest.c  >&5
configure:12472: $? = 0
configure:12472: result: yes
configure:12630: checking whether a program can dlopen itself
configure:12711: gcc -o conftest -g -O2  -DHAVE_DLFCN_H  -Wl,--export-dynamic conftest.c   >&5
configure:12714: $? = 0
configure:12732: result: yes
configure:12737: checking whether a statically linked program can dlopen itself
configure:12818: gcc -o conftest -g -O2  -DHAVE_DLFCN_H  -Wl,--export-dynamic -static conftest.c   >&5
/usr/bin/ld: /tmp/ccwOL6Qj.o: in function `main':
/home/oneadmin/repos/one/guacamole-server-1.5.4/configure:12797: warning: Using 'dlopen' in statically linked applications requires at runtime the shared libraries from the glibc version used for linking
configure:12821: $? = 0
conftest: undefined symbol: _fnord
configure:12839: result: no
configure:12878: checking whether stripping libraries is possible
configure:12887: result: yes
configure:12929: checking if libtool supports shared libraries
configure:12931: result: yes
configure:12934: checking whether to build shared libraries
configure:12959: result: yes
configure:12962: checking whether to build static libraries
configure:12966: result: yes
configure:13066: checking for gcc
configure:13098: result: gcc
configure:13451: checking for C compiler version
configure:13460: gcc --version >&5
gcc (Ubuntu 11.4.0-1ubuntu1~22.04) 11.4.0
Copyright (C) 2021 Free Software Foundation, Inc.
This is free software; see the source for copying conditions.  There is NO
warranty; not even for MERCHANTABILITY or FITNESS FOR A PARTICULAR PURPOSE.

configure:13471: $? = 0
configure:13460: gcc -v >&5
Using built-in specs.
COLLECT_GCC=gcc
COLLECT_LTO_WRAPPER=/usr/lib/gcc/x86_64-linux-gnu/11/lto-wrapper
OFFLOAD_TARGET_NAMES=nvptx-none:amdgcn-amdhsa
OFFLOAD_TARGET_DEFAULT=1
Target: x86_64-linux-gnu
Configured with: ../src/configure -v --with-pkgversion='Ubuntu 11.4.0-1ubuntu1~22.04' --with-bugurl=file:///usr/share/doc/gcc-11/README.Bugs --enable-languages=c,ada,c++,go,brig,d,fortran,objc,obj-c++,m2 --prefix=/usr --with-gcc-major-version-only --program-suffix=-11 --program-prefix=x86_64-linux-gnu- --enable-shared --enable-linker-build-id --libexecdir=/usr/lib --without-included-gettext --enable-threads=posix --libdir=/usr/lib --enable-nls --enable-bootstrap --enable-clocale=gnu --enable-libstdcxx-debug --enable-libstdcxx-time=yes --with-default-libstdcxx-abi=new --enable-gnu-unique-object --disable-vtable-verify --enable-plugin --enable-default-pie --with-system-zlib --enable-libphobos-checking=release --with-target-system-zlib=auto --enable-objc-gc=auto --enable-multiarch --disable-werror --enable-cet --with-arch-32=i686 --with-abi=m64 --with-multilib-list=m32,m64,mx32 --enable-multilib --with-tune=generic --enable-offload-targets=nvptx-none=/build/gcc-11-XeT9lY/gcc-11-11.4.0/debian/tmp-nvptx/usr,amdgcn-amdhsa=/build/gcc-11-XeT9lY/gcc-11-11.4.0/debian/tmp-gcn/usr --without-cuda-driver --enable-checking=release --build=x86_64-linux-gnu --host=x86_64-linux-gnu --target=x86_64-linux-gnu --with-build-config=bootstrap-lto-lean --enable-link-serialization=2
Thread model: posix
Supported LTO compression algorithms: zlib zstd
gcc version 11.4.0 (Ubuntu 11.4.0-1ubuntu1~22.04) 
... rest of stderr output deleted ...
configure:13471: $? = 0
configure:13460: gcc -V >&5
gcc: error: unrecognized command-line option '-V'
gcc: fatal error: no input files
compilation terminated.
configure:13471: $? = 1
configure:13460: gcc -qversion >&5
gcc: error: unrecognized command-line option '-qversion'; did you mean '--version'?
gcc: fatal error: no input files
compilation terminated.
configure:13471: $? = 1
configure:13460: gcc -version >&5
gcc: error: unrecognized command-line option '-version'
gcc: fatal error: no input files
compilation terminated.
configure:13471: $? = 1
configure:13475: checking whether the compiler supports GNU C
configure:13505: result: yes
configure:13516: checking whether gcc accepts -g
configure:13581: result: yes
configure:13601: checking for gcc option to enable C11 features
configure:13634: result: none needed
configure:13750: checking whether gcc understands -c and -o together
configure:13788: result: yes
configure:13807: checking dependency style of gcc
configure:13919: result: gcc3
configure:13938: checking for fcntl.h
configure:13938: gcc -c -g -O2  conftest.c >&5
configure:13938: $? = 0
configure:13938: result: yes
configure:13944: checking for stdlib.h
configure:13944: result: yes
configure:13950: checking for string.h
configure:13950: result: yes
configure:13956: checking for sys/socket.h
configure:13956: gcc -c -g -O2  conftest.c >&5
configure:13956: $? = 0
configure:13956: result: yes
configure:13962: checking for time.h
configure:13962: gcc -c -g -O2  conftest.c >&5
configure:13962: $? = 0
configure:13962: result: yes
configure:13968: checking for sys/time.h
configure:13968: gcc -c -g -O2  conftest.c >&5
configure:13968: $? = 0
configure:13968: result: yes
configure:13974: checking for syslog.h
configure:13974: gcc -c -g -O2  conftest.c >&5
configure:13974: $? = 0
configure:13974: result: yes
configure:13980: checking for unistd.h
configure:13980: result: yes
configure:13986: checking for cairo/cairo.h
configure:13986: gcc -c -g -O2  conftest.c >&5
configure:13986: $? = 0
configure:13986: result: yes
configure:13992: checking for pngstruct.h
configure:13992: gcc -c -g -O2  conftest.c >&5
conftest.c:60:10: fatal error: pngstruct.h: No such file or directory
   60 | #include <pngstruct.h>
      |          ^~~~~~~~~~~~~
compilation terminated.
configure:13992: $? = 1
configure: failed program was:
| /* confdefs.h */
| #define PACKAGE_NAME "guacamole-server"
| #define PACKAGE_TARNAME "guacamole-server"
| #define PACKAGE_VERSION "1.5.4"
| #define PACKAGE_STRING "guacamole-server 1.5.4"
| #define PACKAGE_BUGREPORT ""
| #define PACKAGE_URL ""
| #define PACKAGE "guacamole-server"
| #define VERSION "1.5.4"
| #define HAVE_STDIO_H 1
| #define HAVE_STDLIB_H 1
| #define HAVE_STRING_H 1
| #define HAVE_INTTYPES_H 1
| #define HAVE_STDINT_H 1
| #define HAVE_STRINGS_H 1
| #define HAVE_SYS_STAT_H 1
| #define HAVE_SYS_TYPES_H 1
| #define HAVE_UNISTD_H 1
| #define STDC_HEADERS 1
| #define HAVE_DLFCN_H 1
| #define LT_OBJDIR ".libs/"
| #define HAVE_FCNTL_H 1
| #define HAVE_STDLIB_H 1
| #define HAVE_STRING_H 1
| #define HAVE_SYS_SOCKET_H 1
| #define HAVE_TIME_H 1
| #define HAVE_SYS_TIME_H 1
| #define HAVE_SYSLOG_H 1
| #define HAVE_UNISTD_H 1
| #define HAVE_CAIRO_CAIRO_H 1
| /* end confdefs.h.  */
| #include <stddef.h>
| #ifdef HAVE_STDIO_H
| # include <stdio.h>
| #endif
| #ifdef HAVE_STDLIB_H
| # include <stdlib.h>
| #endif
| #ifdef HAVE_STRING_H
| # include <string.h>
| #endif
| #ifdef HAVE_INTTYPES_H
| # include <inttypes.h>
| #endif
| #ifdef HAVE_STDINT_H
| # include <stdint.h>
| #endif
| #ifdef HAVE_STRINGS_H
| # include <strings.h>
| #endif
| #ifdef HAVE_SYS_TYPES_H
| # include <sys/types.h>
| #endif
| #ifdef HAVE_SYS_STAT_H
| # include <sys/stat.h>
| #endif
| #ifdef HAVE_UNISTD_H
| # include <unistd.h>
| #endif
| #include <pngstruct.h>
configure:13992: result: no
configure:14009: checking for gcc options needed to detect all undeclared functions
configure:14031: gcc -c -g -O2   conftest.c >&5
conftest.c: In function 'main':
conftest.c:38:8: error: 'strchr' undeclared (first use in this function)
   38 | (void) strchr;
      |        ^~~~~~
conftest.c:1:1: note: 'strchr' is defined in header '<string.h>'; did you forget to '#include <string.h>'?
    1 | /* confdefs.h */
conftest.c:38:8: note: each undeclared identifier is reported only once for each function it appears in
   38 | (void) strchr;
      |        ^~~~~~
configure:14031: $? = 1
configure: failed program was:
| /* confdefs.h */
| #define PACKAGE_NAME "guacamole-server"
| #define PACKAGE_TARNAME "guacamole-server"
| #define PACKAGE_VERSION "1.5.4"
| #define PACKAGE_STRING "guacamole-server 1.5.4"
| #define PACKAGE_BUGREPORT ""
| #define PACKAGE_URL ""
| #define PACKAGE "guacamole-server"
| #define VERSION "1.5.4"
| #define HAVE_STDIO_H 1
| #define HAVE_STDLIB_H 1
| #define HAVE_STRING_H 1
| #define HAVE_INTTYPES_H 1
| #define HAVE_STDINT_H 1
| #define HAVE_STRINGS_H 1
| #define HAVE_SYS_STAT_H 1
| #define HAVE_SYS_TYPES_H 1
| #define HAVE_UNISTD_H 1
| #define STDC_HEADERS 1
| #define HAVE_DLFCN_H 1
| #define LT_OBJDIR ".libs/"
| #define HAVE_FCNTL_H 1
| #define HAVE_STDLIB_H 1
| #define HAVE_STRING_H 1
| #define HAVE_SYS_SOCKET_H 1
| #define HAVE_TIME_H 1
| #define HAVE_SYS_TIME_H 1
| #define HAVE_SYSLOG_H 1
| #define HAVE_UNISTD_H 1
| #define HAVE_CAIRO_CAIRO_H 1
| #define _XOPEN_SOURCE 700
| #define __BSD_VISIBLE 1
| /* end confdefs.h.  */
| 
| int
| main (void)
| {
| (void) strchr;
|   ;
|   return 0;
| }
configure:14058: gcc -c -g -O2   conftest.c >&5
configure:14058: $? = 0
configure:14075: result: none needed
configure:14089: checking for cos in -lm
configure:14112: gcc -o conftest -g -O2   conftest.c -lm   >&5
conftest.c:38:6: warning: conflicting types for built-in function 'cos'; expected 'double(double)' [-Wbuiltin-declaration-mismatch]
   38 | char cos ();
      |      ^~~
conftest.c:1:1: note: 'cos' is declared in header '<math.h>'
    1 | /* confdefs.h */
configure:14112: $? = 0
configure:14122: result: yes
configure:14140: checking for png_write_png in -lpng
configure:14163: gcc -o conftest -g -O2   conftest.c -lpng   >&5
configure:14163: $? = 0
configure:14173: result: yes
configure:14184: checking for jpeg_start_compress in -ljpeg
configure:14207: gcc -o conftest -g -O2   conftest.c -ljpeg   >&5
configure:14207: $? = 0
configure:14217: result: yes
configure:14228: checking for cairo_create in -lcairo
configure:14251: gcc -o conftest -g -O2   conftest.c -lcairo   >&5
configure:14251: $? = 0
configure:14261: result: yes
configure:14272: checking for pthread_create in -lpthread
configure:14295: gcc -o conftest -g -O2   conftest.c -lpthread   >&5
configure:14295: $? = 0
configure:14305: result: yes
configure:14317: checking for dlopen in -ldl
configure:14340: gcc -o conftest -g -O2   conftest.c -ldl   >&5
configure:14340: $? = 0
configure:14350: result: yes
configure:14385: checking for uuid_generate in -luuid
configure:14408: gcc -o conftest -g -O2   conftest.c -luuid   >&5
configure:14408: $? = 0
configure:14418: result: yes
configure:14549: checking for CU_run_test in -lcunit
configure:14572: gcc -o conftest -g -O2   conftest.c -lcunit   >&5
/usr/bin/ld: cannot find -lcunit: No such file or directory
collect2: error: ld returned 1 exit status
configure:14572: $? = 1
configure: failed program was:
| /* confdefs.h */
| #define PACKAGE_NAME "guacamole-server"
| #define PACKAGE_TARNAME "guacamole-server"
| #define PACKAGE_VERSION "1.5.4"
| #define PACKAGE_STRING "guacamole-server 1.5.4"
| #define PACKAGE_BUGREPORT ""
| #define PACKAGE_URL ""
| #define PACKAGE "guacamole-server"
| #define VERSION "1.5.4"
| #define HAVE_STDIO_H 1
| #define HAVE_STDLIB_H 1
| #define HAVE_STRING_H 1
| #define HAVE_INTTYPES_H 1
| #define HAVE_STDINT_H 1
| #define HAVE_STRINGS_H 1
| #define HAVE_SYS_STAT_H 1
| #define HAVE_SYS_TYPES_H 1
| #define HAVE_UNISTD_H 1
| #define STDC_HEADERS 1
| #define HAVE_DLFCN_H 1
| #define LT_OBJDIR ".libs/"
| #define HAVE_FCNTL_H 1
| #define HAVE_STDLIB_H 1
| #define HAVE_STRING_H 1
| #define HAVE_SYS_SOCKET_H 1
| #define HAVE_TIME_H 1
| #define HAVE_SYS_TIME_H 1
| #define HAVE_SYSLOG_H 1
| #define HAVE_UNISTD_H 1
| #define HAVE_CAIRO_CAIRO_H 1
| #define _XOPEN_SOURCE 700
| #define __BSD_VISIBLE 1
| #define HAVE_LIBPTHREAD /**/
| #define HAVE_LIBUUID /**/
| /* end confdefs.h.  */
| 
| /* Override any GCC internal prototype to avoid an error.
|    Use char because int might match the return type of a GCC
|    builtin and then its argument prototype would still apply.  */
| char CU_run_test ();
| int
| main (void)
| {
| return CU_run_test ();
|   ;
|   return 0;
| }
configure:14582: result: no
configure:14600: checking for clock_gettime
configure:14600: gcc -o conftest -g -O2   conftest.c  >&5
configure:14600: $? = 0
configure:14600: result: yes
configure:14606: checking for gettimeofday
configure:14606: gcc -o conftest -g -O2   conftest.c  >&5
configure:14606: $? = 0
configure:14606: result: yes
configure:14612: checking for memmove
configure:14612: gcc -o conftest -g -O2   conftest.c  >&5
conftest.c:54:6: warning: conflicting types for built-in function 'memmove'; expected 'void *(void *, const void *, long unsigned int)' [-Wbuiltin-declaration-mismatch]
   54 | char memmove ();
      |      ^~~~~~~
conftest.c:46:1: note: 'memmove' is declared in header '<string.h>'
   45 | #include <limits.h>
   46 | #undef memmove
configure:14612: $? = 0
configure:14612: result: yes
configure:14618: checking for memset
configure:14618: gcc -o conftest -g -O2   conftest.c  >&5
conftest.c:55:6: warning: conflicting types for built-in function 'memset'; expected 'void *(void *, int,  long unsigned int)' [-Wbuiltin-declaration-mismatch]
   55 | char memset ();
      |      ^~~~~~
conftest.c:47:1: note: 'memset' is declared in header '<string.h>'
   46 | #include <limits.h>
   47 | #undef memset
configure:14618: $? = 0
configure:14618: result: yes
configure:14624: checking for select
configure:14624: gcc -o conftest -g -O2   conftest.c  >&5
configure:14624: $? = 0
configure:14624: result: yes
configure:14630: checking for strdup
configure:14630: gcc -o conftest -g -O2   conftest.c  >&5
conftest.c:57:6: warning: conflicting types for built-in function 'strdup'; expected 'char *(const char *)' [-Wbuiltin-declaration-mismatch]
   57 | char strdup ();
      |      ^~~~~~
configure:14630: $? = 0
configure:14630: result: yes
configure:14636: checking for nanosleep
configure:14636: gcc -o conftest -g -O2   conftest.c  >&5
configure:14636: $? = 0
configure:14636: result: yes
configure:14644: checking whether png_get_io_ptr is declared
configure:14644: gcc -c -g -O2   conftest.c >&5
configure:14644: $? = 0
configure:14644: result: yes
configure:14653: checking whether cairo_format_stride_for_width is declared
configure:14653: gcc -c -g -O2   conftest.c >&5
configure:14653: $? = 0
configure:14653: result: yes
configure:14662: checking whether poll is declared
configure:14662: gcc -c -g -O2   conftest.c >&5
configure:14662: $? = 0
configure:14662: result: yes
configure:14671: checking whether strlcpy is declared
configure:14671: gcc -c -g -O2   conftest.c >&5
conftest.c: In function 'main':
conftest.c:55:10: error: 'strlcpy' undeclared (first use in this function); did you mean 'strncpy'?
   55 |   (void) strlcpy;
      |          ^~~~~~~
      |          strncpy
conftest.c:55:10: note: each undeclared identifier is reported only once for each function it appears in
configure:14671: $? = 1
configure: failed program was:
| /* confdefs.h */
| #define PACKAGE_NAME "guacamole-server"
| #define PACKAGE_TARNAME "guacamole-server"
| #define PACKAGE_VERSION "1.5.4"
| #define PACKAGE_STRING "guacamole-server 1.5.4"
| #define PACKAGE_BUGREPORT ""
| #define PACKAGE_URL ""
| #define PACKAGE "guacamole-server"
| #define VERSION "1.5.4"
| #define HAVE_STDIO_H 1
| #define HAVE_STDLIB_H 1
| #define HAVE_STRING_H 1
| #define HAVE_INTTYPES_H 1
| #define HAVE_STDINT_H 1
| #define HAVE_STRINGS_H 1
| #define HAVE_SYS_STAT_H 1
| #define HAVE_SYS_TYPES_H 1
| #define HAVE_UNISTD_H 1
| #define STDC_HEADERS 1
| #define HAVE_DLFCN_H 1
| #define LT_OBJDIR ".libs/"
| #define HAVE_FCNTL_H 1
| #define HAVE_STDLIB_H 1
| #define HAVE_STRING_H 1
| #define HAVE_SYS_SOCKET_H 1
| #define HAVE_TIME_H 1
| #define HAVE_SYS_TIME_H 1
| #define HAVE_SYSLOG_H 1
| #define HAVE_UNISTD_H 1
| #define HAVE_CAIRO_CAIRO_H 1
| #define _XOPEN_SOURCE 700
| #define __BSD_VISIBLE 1
| #define HAVE_LIBPTHREAD /**/
| #define HAVE_LIBUUID /**/
| #define HAVE_CLOCK_GETTIME 1
| #define HAVE_GETTIMEOFDAY 1
| #define HAVE_MEMMOVE 1
| #define HAVE_MEMSET 1
| #define HAVE_SELECT 1
| #define HAVE_STRDUP 1
| #define HAVE_NANOSLEEP 1
| #define HAVE_PNG_GET_IO_PTR /**/
| #define HAVE_CAIRO_FORMAT_STRIDE_FOR_WIDTH /**/
| #define HAVE_POLL /**/
| /* end confdefs.h.  */
| #include <string.h>
| 
| int
| main (void)
| {
| #ifndef strlcpy
| #ifdef __cplusplus
|   (void) strlcpy;
| #else
|   (void) strlcpy;
| #endif
| #endif
| 
|   ;
|   return 0;
| }
configure:14671: result: no
configure:14680: checking whether strlcat is declared
configure:14680: gcc -c -g -O2   conftest.c >&5
conftest.c: In function 'main':
conftest.c:55:10: error: 'strlcat' undeclared (first use in this function); did you mean 'strncat'?
   55 |   (void) strlcat;
      |          ^~~~~~~
      |          strncat
conftest.c:55:10: note: each undeclared identifier is reported only once for each function it appears in
configure:14680: $? = 1
configure: failed program was:
| /* confdefs.h */
| #define PACKAGE_NAME "guacamole-server"
| #define PACKAGE_TARNAME "guacamole-server"
| #define PACKAGE_VERSION "1.5.4"
| #define PACKAGE_STRING "guacamole-server 1.5.4"
| #define PACKAGE_BUGREPORT ""
| #define PACKAGE_URL ""
| #define PACKAGE "guacamole-server"
| #define VERSION "1.5.4"
| #define HAVE_STDIO_H 1
| #define HAVE_STDLIB_H 1
| #define HAVE_STRING_H 1
| #define HAVE_INTTYPES_H 1
| #define HAVE_STDINT_H 1
| #define HAVE_STRINGS_H 1
| #define HAVE_SYS_STAT_H 1
| #define HAVE_SYS_TYPES_H 1
| #define HAVE_UNISTD_H 1
| #define STDC_HEADERS 1
| #define HAVE_DLFCN_H 1
| #define LT_OBJDIR ".libs/"
| #define HAVE_FCNTL_H 1
| #define HAVE_STDLIB_H 1
| #define HAVE_STRING_H 1
| #define HAVE_SYS_SOCKET_H 1
| #define HAVE_TIME_H 1
| #define HAVE_SYS_TIME_H 1
| #define HAVE_SYSLOG_H 1
| #define HAVE_UNISTD_H 1
| #define HAVE_CAIRO_CAIRO_H 1
| #define _XOPEN_SOURCE 700
| #define __BSD_VISIBLE 1
| #define HAVE_LIBPTHREAD /**/
| #define HAVE_LIBUUID /**/
| #define HAVE_CLOCK_GETTIME 1
| #define HAVE_GETTIMEOFDAY 1
| #define HAVE_MEMMOVE 1
| #define HAVE_MEMSET 1
| #define HAVE_SELECT 1
| #define HAVE_STRDUP 1
| #define HAVE_NANOSLEEP 1
| #define HAVE_PNG_GET_IO_PTR /**/
| #define HAVE_CAIRO_FORMAT_STRIDE_FOR_WIDTH /**/
| #define HAVE_POLL /**/
| /* end confdefs.h.  */
| #include <string.h>
| 
| int
| main (void)
| {
| #ifndef strlcat
| #ifdef __cplusplus
|   (void) strlcat;
| #else
|   (void) strlcat;
| #endif
| #endif
| 
|   ;
|   return 0;
| }
configure:14680: result: no
configure:14689: checking whether strnstr is declared
configure:14689: gcc -c -g -O2   conftest.c >&5
conftest.c: In function 'main':
conftest.c:55:10: error: 'strnstr' undeclared (first use in this function); did you mean 'strstr'?
   55 |   (void) strnstr;
      |          ^~~~~~~
      |          strstr
conftest.c:55:10: note: each undeclared identifier is reported only once for each function it appears in
configure:14689: $? = 1
configure: failed program was:
| /* confdefs.h */
| #define PACKAGE_NAME "guacamole-server"
| #define PACKAGE_TARNAME "guacamole-server"
| #define PACKAGE_VERSION "1.5.4"
| #define PACKAGE_STRING "guacamole-server 1.5.4"
| #define PACKAGE_BUGREPORT ""
| #define PACKAGE_URL ""
| #define PACKAGE "guacamole-server"
| #define VERSION "1.5.4"
| #define HAVE_STDIO_H 1
| #define HAVE_STDLIB_H 1
| #define HAVE_STRING_H 1
| #define HAVE_INTTYPES_H 1
| #define HAVE_STDINT_H 1
| #define HAVE_STRINGS_H 1
| #define HAVE_SYS_STAT_H 1
| #define HAVE_SYS_TYPES_H 1
| #define HAVE_UNISTD_H 1
| #define STDC_HEADERS 1
| #define HAVE_DLFCN_H 1
| #define LT_OBJDIR ".libs/"
| #define HAVE_FCNTL_H 1
| #define HAVE_STDLIB_H 1
| #define HAVE_STRING_H 1
| #define HAVE_SYS_SOCKET_H 1
| #define HAVE_TIME_H 1
| #define HAVE_SYS_TIME_H 1
| #define HAVE_SYSLOG_H 1
| #define HAVE_UNISTD_H 1
| #define HAVE_CAIRO_CAIRO_H 1
| #define _XOPEN_SOURCE 700
| #define __BSD_VISIBLE 1
| #define HAVE_LIBPTHREAD /**/
| #define HAVE_LIBUUID /**/
| #define HAVE_CLOCK_GETTIME 1
| #define HAVE_GETTIMEOFDAY 1
| #define HAVE_MEMMOVE 1
| #define HAVE_MEMSET 1
| #define HAVE_SELECT 1
| #define HAVE_STRDUP 1
| #define HAVE_NANOSLEEP 1
| #define HAVE_PNG_GET_IO_PTR /**/
| #define HAVE_CAIRO_FORMAT_STRIDE_FOR_WIDTH /**/
| #define HAVE_POLL /**/
| /* end confdefs.h.  */
| #include <string.h>
| 
| int
| main (void)
| {
| #ifndef strnstr
| #ifdef __cplusplus
|   (void) strnstr;
| #else
|   (void) strnstr;
| #endif
| #endif
| 
|   ;
|   return 0;
| }
configure:14689: result: no
configure:14699: checking for size_t
configure:14699: gcc -c -g -O2  conftest.c >&5
configure:14699: $? = 0
configure:14699: gcc -c -g -O2  conftest.c >&5
conftest.c: In function 'main':
conftest.c:77:21: error: expected expression before ')' token
   77 | if (sizeof ((size_t)))
      |                     ^
configure:14699: $? = 1
configure: failed program was:
| /* confdefs.h */
| #define PACKAGE_NAME "guacamole-server"
| #define PACKAGE_TARNAME "guacamole-server"
| #define PACKAGE_VERSION "1.5.4"
| #define PACKAGE_STRING "guacamole-server 1.5.4"
| #define PACKAGE_BUGREPORT ""
| #define PACKAGE_URL ""
| #define PACKAGE "guacamole-server"
| #define VERSION "1.5.4"
| #define HAVE_STDIO_H 1
| #define HAVE_STDLIB_H 1
| #define HAVE_STRING_H 1
| #define HAVE_INTTYPES_H 1
| #define HAVE_STDINT_H 1
| #define HAVE_STRINGS_H 1
| #define HAVE_SYS_STAT_H 1
| #define HAVE_SYS_TYPES_H 1
| #define HAVE_UNISTD_H 1
| #define STDC_HEADERS 1
| #define HAVE_DLFCN_H 1
| #define LT_OBJDIR ".libs/"
| #define HAVE_FCNTL_H 1
| #define HAVE_STDLIB_H 1
| #define HAVE_STRING_H 1
| #define HAVE_SYS_SOCKET_H 1
| #define HAVE_TIME_H 1
| #define HAVE_SYS_TIME_H 1
| #define HAVE_SYSLOG_H 1
| #define HAVE_UNISTD_H 1
| #define HAVE_CAIRO_CAIRO_H 1
| #define _XOPEN_SOURCE 700
| #define __BSD_VISIBLE 1
| #define HAVE_LIBPTHREAD /**/
| #define HAVE_LIBUUID /**/
| #define HAVE_CLOCK_GETTIME 1
| #define HAVE_GETTIMEOFDAY 1
| #define HAVE_MEMMOVE 1
| #define HAVE_MEMSET 1
| #define HAVE_SELECT 1
| #define HAVE_STRDUP 1
| #define HAVE_NANOSLEEP 1
| #define HAVE_PNG_GET_IO_PTR /**/
| #define HAVE_CAIRO_FORMAT_STRIDE_FOR_WIDTH /**/
| #define HAVE_POLL /**/
| /* end confdefs.h.  */
| #include <stddef.h>
| #ifdef HAVE_STDIO_H
| # include <stdio.h>
| #endif
| #ifdef HAVE_STDLIB_H
| # include <stdlib.h>
| #endif
| #ifdef HAVE_STRING_H
| # include <string.h>
| #endif
| #ifdef HAVE_INTTYPES_H
| # include <inttypes.h>
| #endif
| #ifdef HAVE_STDINT_H
| # include <stdint.h>
| #endif
| #ifdef HAVE_STRINGS_H
| # include <strings.h>
| #endif
| #ifdef HAVE_SYS_TYPES_H
| # include <sys/types.h>
| #endif
| #ifdef HAVE_SYS_STAT_H
| # include <sys/stat.h>
| #endif
| #ifdef HAVE_UNISTD_H
| # include <unistd.h>
| #endif
| int
| main (void)
| {
| if (sizeof ((size_t)))
| 	    return 0;
|   ;
|   return 0;
| }
configure:14699: result: yes
configure:14709: checking for ssize_t
configure:14709: gcc -c -g -O2  conftest.c >&5
configure:14709: $? = 0
configure:14709: gcc -c -g -O2  conftest.c >&5
conftest.c: In function 'main':
conftest.c:77:22: error: expected expression before ')' token
   77 | if (sizeof ((ssize_t)))
      |                      ^
configure:14709: $? = 1
configure: failed program was:
| /* confdefs.h */
| #define PACKAGE_NAME "guacamole-server"
| #define PACKAGE_TARNAME "guacamole-server"
| #define PACKAGE_VERSION "1.5.4"
| #define PACKAGE_STRING "guacamole-server 1.5.4"
| #define PACKAGE_BUGREPORT ""
| #define PACKAGE_URL ""
| #define PACKAGE "guacamole-server"
| #define VERSION "1.5.4"
| #define HAVE_STDIO_H 1
| #define HAVE_STDLIB_H 1
| #define HAVE_STRING_H 1
| #define HAVE_INTTYPES_H 1
| #define HAVE_STDINT_H 1
| #define HAVE_STRINGS_H 1
| #define HAVE_SYS_STAT_H 1
| #define HAVE_SYS_TYPES_H 1
| #define HAVE_UNISTD_H 1
| #define STDC_HEADERS 1
| #define HAVE_DLFCN_H 1
| #define LT_OBJDIR ".libs/"
| #define HAVE_FCNTL_H 1
| #define HAVE_STDLIB_H 1
| #define HAVE_STRING_H 1
| #define HAVE_SYS_SOCKET_H 1
| #define HAVE_TIME_H 1
| #define HAVE_SYS_TIME_H 1
| #define HAVE_SYSLOG_H 1
| #define HAVE_UNISTD_H 1
| #define HAVE_CAIRO_CAIRO_H 1
| #define _XOPEN_SOURCE 700
| #define __BSD_VISIBLE 1
| #define HAVE_LIBPTHREAD /**/
| #define HAVE_LIBUUID /**/
| #define HAVE_CLOCK_GETTIME 1
| #define HAVE_GETTIMEOFDAY 1
| #define HAVE_MEMMOVE 1
| #define HAVE_MEMSET 1
| #define HAVE_SELECT 1
| #define HAVE_STRDUP 1
| #define HAVE_NANOSLEEP 1
| #define HAVE_PNG_GET_IO_PTR /**/
| #define HAVE_CAIRO_FORMAT_STRIDE_FOR_WIDTH /**/
| #define HAVE_POLL /**/
| /* end confdefs.h.  */
| #include <stddef.h>
| #ifdef HAVE_STDIO_H
| # include <stdio.h>
| #endif
| #ifdef HAVE_STDLIB_H
| # include <stdlib.h>
| #endif
| #ifdef HAVE_STRING_H
| # include <string.h>
| #endif
| #ifdef HAVE_INTTYPES_H
| # include <inttypes.h>
| #endif
| #ifdef HAVE_STDINT_H
| # include <stdint.h>
| #endif
| #ifdef HAVE_STRINGS_H
| # include <strings.h>
| #endif
| #ifdef HAVE_SYS_TYPES_H
| # include <sys/types.h>
| #endif
| #ifdef HAVE_SYS_STAT_H
| # include <sys/stat.h>
| #endif
| #ifdef HAVE_UNISTD_H
| # include <unistd.h>
| #endif
| int
| main (void)
| {
| if (sizeof ((ssize_t)))
| 	    return 0;
|   ;
|   return 0;
| }
configure:14709: result: yes
configure:14889: checking for pkg-config
configure:14912: found /usr/bin/pkg-config
configure:14924: result: /usr/bin/pkg-config
configure:14949: checking pkg-config is at least version 0.9.0
configure:14952: result: yes
configure:14962: checking for AVCODEC
configure:14969: $PKG_CONFIG --exists --print-errors "libavcodec"
configure:14972: $? = 0
configure:14986: $PKG_CONFIG --exists --print-errors "libavcodec"
configure:14989: $? = 0
configure:15027: result: yes
configure:15060: checking for AVFORMAT
configure:15067: $PKG_CONFIG --exists --print-errors "libavformat"
configure:15070: $? = 0
configure:15084: $PKG_CONFIG --exists --print-errors "libavformat"
configure:15087: $? = 0
configure:15125: result: yes
configure:15160: checking for AVUTIL
configure:15167: $PKG_CONFIG --exists --print-errors "libavutil"
configure:15170: $? = 0
configure:15184: $PKG_CONFIG --exists --print-errors "libavutil"
configure:15187: $? = 0
configure:15225: result: yes
configure:15260: checking for SWSCALE
configure:15267: $PKG_CONFIG --exists --print-errors "libswscale"
configure:15270: $? = 0
configure:15284: $PKG_CONFIG --exists --print-errors "libswscale"
configure:15287: $? = 0
configure:15325: result: yes
configure:15360: checking for openssl/ssl.h
configure:15360: gcc -c -g -O2  conftest.c >&5
configure:15360: $? = 0
configure:15360: result: yes
configure:15368: checking for SSL_CTX_new in -lssl
configure:15391: gcc -o conftest -g -O2   conftest.c -lssl   >&5
configure:15391: $? = 0
configure:15401: result: yes
configure:15429: checking whether libssl requires threading callbacks
configure:15447: gcc -c -g -O2  conftest.c >&5
configure:15447: $? = 0
configure:15449: result: no
configure:15492: checking for main in -lwsock32
configure:15512: gcc -o conftest -g -O2   conftest.c -lwsock32   >&5
/usr/bin/ld: cannot find -lwsock32: No such file or directory
collect2: error: ld returned 1 exit status
configure:15512: $? = 1
configure: failed program was:
| /* confdefs.h */
| #define PACKAGE_NAME "guacamole-server"
| #define PACKAGE_TARNAME "guacamole-server"
| #define PACKAGE_VERSION "1.5.4"
| #define PACKAGE_STRING "guacamole-server 1.5.4"
| #define PACKAGE_BUGREPORT ""
| #define PACKAGE_URL ""
| #define PACKAGE "guacamole-server"
| #define VERSION "1.5.4"
| #define HAVE_STDIO_H 1
| #define HAVE_STDLIB_H 1
| #define HAVE_STRING_H 1
| #define HAVE_INTTYPES_H 1
| #define HAVE_STDINT_H 1
| #define HAVE_STRINGS_H 1
| #define HAVE_SYS_STAT_H 1
| #define HAVE_SYS_TYPES_H 1
| #define HAVE_UNISTD_H 1
| #define STDC_HEADERS 1
| #define HAVE_DLFCN_H 1
| #define LT_OBJDIR ".libs/"
| #define HAVE_FCNTL_H 1
| #define HAVE_STDLIB_H 1
| #define HAVE_STRING_H 1
| #define HAVE_SYS_SOCKET_H 1
| #define HAVE_TIME_H 1
| #define HAVE_SYS_TIME_H 1
| #define HAVE_SYSLOG_H 1
| #define HAVE_UNISTD_H 1
| #define HAVE_CAIRO_CAIRO_H 1
| #define _XOPEN_SOURCE 700
| #define __BSD_VISIBLE 1
| #define HAVE_LIBPTHREAD /**/
| #define HAVE_LIBUUID /**/
| #define HAVE_CLOCK_GETTIME 1
| #define HAVE_GETTIMEOFDAY 1
| #define HAVE_MEMMOVE 1
| #define HAVE_MEMSET 1
| #define HAVE_SELECT 1
| #define HAVE_STRDUP 1
| #define HAVE_NANOSLEEP 1
| #define HAVE_PNG_GET_IO_PTR /**/
| #define HAVE_CAIRO_FORMAT_STRIDE_FOR_WIDTH /**/
| #define HAVE_POLL /**/
| #define GUACD_CONF_FILE "/etc/guacamole/guacd.conf"
| #define ENABLE_SSL /**/
| /* end confdefs.h.  */
| 
| 
| int
| main (void)
| {
| return main ();
|   ;
|   return 0;
| }
configure:15522: result: no
configure:15566: checking for vorbis/vorbisenc.h
configure:15566: gcc -c -g -O2  conftest.c >&5
configure:15566: $? = 0
configure:15566: result: yes
configure:15574: checking for ogg_stream_init in -logg
configure:15597: gcc -o conftest -g -O2   conftest.c -logg   >&5
configure:15597: $? = 0
configure:15607: result: yes
configure:15616: checking for vorbis_block_init in -lvorbis
configure:15639: gcc -o conftest -g -O2   conftest.c -lvorbis   >&5
configure:15639: $? = 0
configure:15649: result: yes
configure:15658: checking for vorbis_encode_init in -lvorbisenc
configure:15681: gcc -o conftest -g -O2   conftest.c -lvorbisenc   >&5
configure:15681: $? = 0
configure:15691: result: yes
configure:15750: checking for pa_context_new in -lpulse
configure:15773: gcc -o conftest -g -O2   conftest.c -lpulse   >&5
configure:15773: $? = 0
configure:15783: result: yes
configure:15842: checking for PANGO
configure:15849: $PKG_CONFIG --exists --print-errors "pango"
configure:15852: $? = 0
configure:15866: $PKG_CONFIG --exists --print-errors "pango"
configure:15869: $? = 0
configure:15907: result: yes
configure:15913: checking for PANGOCAIRO
configure:15920: $PKG_CONFIG --exists --print-errors "pangocairo"
configure:15923: $? = 0
configure:15937: $PKG_CONFIG --exists --print-errors "pangocairo"
configure:15940: $? = 0
configure:15978: result: yes
configure:16036: checking for rfbInitClient in -lvncclient
configure:16059: gcc -o conftest -g -O2   conftest.c -lvncclient   >&5
configure:16059: $? = 0
configure:16069: result: yes
configure:16088: checking whether LIBVNCSERVER_WITH_CLIENT_GCRYPT is declared
configure:16088: gcc -c -g -O2   conftest.c >&5
conftest.c: In function 'main':
conftest.c:59:10: error: 'LIBVNCSERVER_WITH_CLIENT_GCRYPT' undeclared (first use in this function); did you mean 'LIBVNCSERVER_HAVE_LIBGCRYPT'?
   59 |   (void) LIBVNCSERVER_WITH_CLIENT_GCRYPT;
      |          ^~~~~~~~~~~~~~~~~~~~~~~~~~~~~~~
      |          LIBVNCSERVER_HAVE_LIBGCRYPT
conftest.c:59:10: note: each undeclared identifier is reported only once for each function it appears in
configure:16088: $? = 1
configure: failed program was:
| /* confdefs.h */
| #define PACKAGE_NAME "guacamole-server"
| #define PACKAGE_TARNAME "guacamole-server"
| #define PACKAGE_VERSION "1.5.4"
| #define PACKAGE_STRING "guacamole-server 1.5.4"
| #define PACKAGE_BUGREPORT ""
| #define PACKAGE_URL ""
| #define PACKAGE "guacamole-server"
| #define VERSION "1.5.4"
| #define HAVE_STDIO_H 1
| #define HAVE_STDLIB_H 1
| #define HAVE_STRING_H 1
| #define HAVE_INTTYPES_H 1
| #define HAVE_STDINT_H 1
| #define HAVE_STRINGS_H 1
| #define HAVE_SYS_STAT_H 1
| #define HAVE_SYS_TYPES_H 1
| #define HAVE_UNISTD_H 1
| #define STDC_HEADERS 1
| #define HAVE_DLFCN_H 1
| #define LT_OBJDIR ".libs/"
| #define HAVE_FCNTL_H 1
| #define HAVE_STDLIB_H 1
| #define HAVE_STRING_H 1
| #define HAVE_SYS_SOCKET_H 1
| #define HAVE_TIME_H 1
| #define HAVE_SYS_TIME_H 1
| #define HAVE_SYSLOG_H 1
| #define HAVE_UNISTD_H 1
| #define HAVE_CAIRO_CAIRO_H 1
| #define _XOPEN_SOURCE 700
| #define __BSD_VISIBLE 1
| #define HAVE_LIBPTHREAD /**/
| #define HAVE_LIBUUID /**/
| #define HAVE_CLOCK_GETTIME 1
| #define HAVE_GETTIMEOFDAY 1
| #define HAVE_MEMMOVE 1
| #define HAVE_MEMSET 1
| #define HAVE_SELECT 1
| #define HAVE_STRDUP 1
| #define HAVE_NANOSLEEP 1
| #define HAVE_PNG_GET_IO_PTR /**/
| #define HAVE_CAIRO_FORMAT_STRIDE_FOR_WIDTH /**/
| #define HAVE_POLL /**/
| #define GUACD_CONF_FILE "/etc/guacamole/guacd.conf"
| #define ENABLE_SSL /**/
| #define ENABLE_OGG /**/
| #define ENABLE_PULSE /**/
| /* end confdefs.h.  */
| #include <rfb/rfbconfig.h>
| 
| int
| main (void)
| {
| #ifndef LIBVNCSERVER_WITH_CLIENT_GCRYPT
| #ifdef __cplusplus
|   (void) LIBVNCSERVER_WITH_CLIENT_GCRYPT;
| #else
|   (void) LIBVNCSERVER_WITH_CLIENT_GCRYPT;
| #endif
| #endif
| 
|   ;
|   return 0;
| }
configure:16088: result: no
configure:16134: checking for rfbClient.destHost
configure:16134: gcc -c -g -O2  conftest.c >&5
configure:16134: $? = 0
configure:16134: result: yes
configure:16145: checking for rfbClient.destPort
configure:16145: gcc -c -g -O2  conftest.c >&5
configure:16145: $? = 0
configure:16145: result: yes
configure:16186: checking whether listenForIncomingConnectionsNoFork is declared
configure:16186: gcc -c -g -O2   conftest.c >&5
configure:16186: $? = 0
configure:16186: result: yes
configure:16223: checking for rfbClient.LockWriteToTLS
configure:16223: gcc -c -g -O2  conftest.c >&5
configure:16223: $? = 0
configure:16223: result: yes
configure:16234: checking for rfbClient.UnlockWriteToTLS
configure:16234: gcc -c -g -O2  conftest.c >&5
configure:16234: $? = 0
configure:16234: result: yes
configure:16278: checking for rfbClient.GetCredential
configure:16278: gcc -c -g -O2  conftest.c >&5
configure:16278: $? = 0
configure:16278: result: yes
configure:16347: checking for RDP
configure:16354: $PKG_CONFIG --exists --print-errors "freerdp2 freerdp-client2 winpr2"
configure:16357: $? = 0
configure:16371: $PKG_CONFIG --exists --print-errors "freerdp2 freerdp-client2 winpr2"
configure:16374: $? = 0
configure:16432: result: yes
configure:16448: checking whether FreeRDPConvertColor is declared
configure:16448: gcc -c -g -O2  -I/usr/include/freerdp2/ -I/usr/include/winpr2 -Werror  conftest.c >&5
configure:16448: $? = 0
configure:16448: result: yes
configure:16474: checking whether FreeRDP appears to be a development version
configure:16481: checking how to run the C preprocessor
configure:16507: gcc -E -I/usr/include/freerdp2/ -I/usr/include/winpr2 -Werror  conftest.c
configure:16507: $? = 0
configure:16522: gcc -E -I/usr/include/freerdp2/ -I/usr/include/winpr2 -Werror  conftest.c
conftest.c:60:10: fatal error: ac_nonexistent.h: No such file or directory
   60 | #include <ac_nonexistent.h>
      |          ^~~~~~~~~~~~~~~~~~
compilation terminated.
configure:16522: $? = 1
configure: failed program was:
| /* confdefs.h */
| #define PACKAGE_NAME "guacamole-server"
| #define PACKAGE_TARNAME "guacamole-server"
| #define PACKAGE_VERSION "1.5.4"
| #define PACKAGE_STRING "guacamole-server 1.5.4"
| #define PACKAGE_BUGREPORT ""
| #define PACKAGE_URL ""
| #define PACKAGE "guacamole-server"
| #define VERSION "1.5.4"
| #define HAVE_STDIO_H 1
| #define HAVE_STDLIB_H 1
| #define HAVE_STRING_H 1
| #define HAVE_INTTYPES_H 1
| #define HAVE_STDINT_H 1
| #define HAVE_STRINGS_H 1
| #define HAVE_SYS_STAT_H 1
| #define HAVE_SYS_TYPES_H 1
| #define HAVE_UNISTD_H 1
| #define STDC_HEADERS 1
| #define HAVE_DLFCN_H 1
| #define LT_OBJDIR ".libs/"
| #define HAVE_FCNTL_H 1
| #define HAVE_STDLIB_H 1
| #define HAVE_STRING_H 1
| #define HAVE_SYS_SOCKET_H 1
| #define HAVE_TIME_H 1
| #define HAVE_SYS_TIME_H 1
| #define HAVE_SYSLOG_H 1
| #define HAVE_UNISTD_H 1
| #define HAVE_CAIRO_CAIRO_H 1
| #define _XOPEN_SOURCE 700
| #define __BSD_VISIBLE 1
| #define HAVE_LIBPTHREAD /**/
| #define HAVE_LIBUUID /**/
| #define HAVE_CLOCK_GETTIME 1
| #define HAVE_GETTIMEOFDAY 1
| #define HAVE_MEMMOVE 1
| #define HAVE_MEMSET 1
| #define HAVE_SELECT 1
| #define HAVE_STRDUP 1
| #define HAVE_NANOSLEEP 1
| #define HAVE_PNG_GET_IO_PTR /**/
| #define HAVE_CAIRO_FORMAT_STRIDE_FOR_WIDTH /**/
| #define HAVE_POLL /**/
| #define GUACD_CONF_FILE "/etc/guacamole/guacd.conf"
| #define ENABLE_SSL /**/
| #define ENABLE_OGG /**/
| #define ENABLE_PULSE /**/
| #define HAVE_RFBCLIENT_DESTHOST 1
| #define HAVE_RFBCLIENT_DESTPORT 1
| #define ENABLE_VNC_REPEATER /**/
| #define ENABLE_VNC_LISTEN /**/
| #define HAVE_RFBCLIENT_LOCKWRITETOTLS 1
| #define HAVE_RFBCLIENT_UNLOCKWRITETOTLS 1
| #define ENABLE_VNC_TLS_LOCKING /**/
| #define HAVE_RFBCLIENT_GETCREDENTIAL 1
| #define ENABLE_VNC_GENERIC_CREDENTIALS /**/
| #define HAVE_FREERDPCONVERTCOLOR /**/
| /* end confdefs.h.  */
| #include <ac_nonexistent.h>
configure:16549: result: gcc -E
configure:16563: gcc -E -I/usr/include/freerdp2/ -I/usr/include/winpr2 -Werror  conftest.c
configure:16563: $? = 0
configure:16578: gcc -E -I/usr/include/freerdp2/ -I/usr/include/winpr2 -Werror  conftest.c
conftest.c:60:10: fatal error: ac_nonexistent.h: No such file or directory
   60 | #include <ac_nonexistent.h>
      |          ^~~~~~~~~~~~~~~~~~
compilation terminated.
configure:16578: $? = 1
configure: failed program was:
| /* confdefs.h */
| #define PACKAGE_NAME "guacamole-server"
| #define PACKAGE_TARNAME "guacamole-server"
| #define PACKAGE_VERSION "1.5.4"
| #define PACKAGE_STRING "guacamole-server 1.5.4"
| #define PACKAGE_BUGREPORT ""
| #define PACKAGE_URL ""
| #define PACKAGE "guacamole-server"
| #define VERSION "1.5.4"
| #define HAVE_STDIO_H 1
| #define HAVE_STDLIB_H 1
| #define HAVE_STRING_H 1
| #define HAVE_INTTYPES_H 1
| #define HAVE_STDINT_H 1
| #define HAVE_STRINGS_H 1
| #define HAVE_SYS_STAT_H 1
| #define HAVE_SYS_TYPES_H 1
| #define HAVE_UNISTD_H 1
| #define STDC_HEADERS 1
| #define HAVE_DLFCN_H 1
| #define LT_OBJDIR ".libs/"
| #define HAVE_FCNTL_H 1
| #define HAVE_STDLIB_H 1
| #define HAVE_STRING_H 1
| #define HAVE_SYS_SOCKET_H 1
| #define HAVE_TIME_H 1
| #define HAVE_SYS_TIME_H 1
| #define HAVE_SYSLOG_H 1
| #define HAVE_UNISTD_H 1
| #define HAVE_CAIRO_CAIRO_H 1
| #define _XOPEN_SOURCE 700
| #define __BSD_VISIBLE 1
| #define HAVE_LIBPTHREAD /**/
| #define HAVE_LIBUUID /**/
| #define HAVE_CLOCK_GETTIME 1
| #define HAVE_GETTIMEOFDAY 1
| #define HAVE_MEMMOVE 1
| #define HAVE_MEMSET 1
| #define HAVE_SELECT 1
| #define HAVE_STRDUP 1
| #define HAVE_NANOSLEEP 1
| #define HAVE_PNG_GET_IO_PTR /**/
| #define HAVE_CAIRO_FORMAT_STRIDE_FOR_WIDTH /**/
| #define HAVE_POLL /**/
| #define GUACD_CONF_FILE "/etc/guacamole/guacd.conf"
| #define ENABLE_SSL /**/
| #define ENABLE_OGG /**/
| #define ENABLE_PULSE /**/
| #define HAVE_RFBCLIENT_DESTHOST 1
| #define HAVE_RFBCLIENT_DESTPORT 1
| #define ENABLE_VNC_REPEATER /**/
| #define ENABLE_VNC_LISTEN /**/
| #define HAVE_RFBCLIENT_LOCKWRITETOTLS 1
| #define HAVE_RFBCLIENT_UNLOCKWRITETOTLS 1
| #define ENABLE_VNC_TLS_LOCKING /**/
| #define HAVE_RFBCLIENT_GETCREDENTIAL 1
| #define ENABLE_VNC_GENERIC_CREDENTIALS /**/
| #define HAVE_FREERDPCONVERTCOLOR /**/
| /* end confdefs.h.  */
| #include <ac_nonexistent.h>
configure:16621: result: no
configure:16654: checking whether Bitmap_Free() frees the rdpBitmap and its image data
configure:16674: result: no
configure:16690: checking whether pVirtualChannelWriteEx() frees the wStream upon completion
configure:16710: result: no
configure:16725: checking whether rdpGlyph callbacks accept INT32 integer parameters
configure:16749: gcc -c -g -O2 -I/usr/include/freerdp2/ -I/usr/include/winpr2 -Werror  conftest.c >&5
configure:16749: $? = 0
configure:16751: result: yes
configure:16769: checking whether CLIPRDR callbacks require const for their final parameter
configure:16791: gcc -c -g -O2 -I/usr/include/freerdp2/ -I/usr/include/winpr2 -Werror  conftest.c >&5
configure:16791: $? = 0
configure:16793: result: yes
configure:16811: checking whether RAIL callbacks require const for their final parameter
configure:16833: gcc -c -g -O2 -I/usr/include/freerdp2/ -I/usr/include/winpr2 -Werror  conftest.c >&5
configure:16833: $? = 0
configure:16835: result: yes
configure:16851: checking for rdpSettings.AllowUnanouncedOrdersFromServer
configure:16851: gcc -c -g -O2 -I/usr/include/freerdp2/ -I/usr/include/winpr2 -Werror  conftest.c >&5
configure:16851: $? = 0
configure:16851: result: yes
configure:16884: checking for freerdp.VerifyCertificateEx
configure:16884: gcc -c -g -O2 -I/usr/include/freerdp2/ -I/usr/include/winpr2 -Werror  conftest.c >&5
configure:16884: $? = 0
configure:16884: result: yes
configure:16936: checking for libssh2_userauth_publickey_frommemory in -lssh2
configure:16959: gcc -o conftest -g -O2   conftest.c -lssh2   >&5
configure:16959: $? = 0
configure:16969: result: yes
configure:17016: checking for gcry_control in -lssh2
configure:17039: gcc -o conftest -g -O2   conftest.c -lssh2   >&5
/usr/bin/ld: /tmp/ccB0QGrj.o: in function `main':
/home/oneadmin/repos/one/guacamole-server-1.5.4/conftest.c:74: undefined reference to `gcry_control'
collect2: error: ld returned 1 exit status
configure:17039: $? = 1
configure: failed program was:
| /* confdefs.h */
| #define PACKAGE_NAME "guacamole-server"
| #define PACKAGE_TARNAME "guacamole-server"
| #define PACKAGE_VERSION "1.5.4"
| #define PACKAGE_STRING "guacamole-server 1.5.4"
| #define PACKAGE_BUGREPORT ""
| #define PACKAGE_URL ""
| #define PACKAGE "guacamole-server"
| #define VERSION "1.5.4"
| #define HAVE_STDIO_H 1
| #define HAVE_STDLIB_H 1
| #define HAVE_STRING_H 1
| #define HAVE_INTTYPES_H 1
| #define HAVE_STDINT_H 1
| #define HAVE_STRINGS_H 1
| #define HAVE_SYS_STAT_H 1
| #define HAVE_SYS_TYPES_H 1
| #define HAVE_UNISTD_H 1
| #define STDC_HEADERS 1
| #define HAVE_DLFCN_H 1
| #define LT_OBJDIR ".libs/"
| #define HAVE_FCNTL_H 1
| #define HAVE_STDLIB_H 1
| #define HAVE_STRING_H 1
| #define HAVE_SYS_SOCKET_H 1
| #define HAVE_TIME_H 1
| #define HAVE_SYS_TIME_H 1
| #define HAVE_SYSLOG_H 1
| #define HAVE_UNISTD_H 1
| #define HAVE_CAIRO_CAIRO_H 1
| #define _XOPEN_SOURCE 700
| #define __BSD_VISIBLE 1
| #define HAVE_LIBPTHREAD /**/
| #define HAVE_LIBUUID /**/
| #define HAVE_CLOCK_GETTIME 1
| #define HAVE_GETTIMEOFDAY 1
| #define HAVE_MEMMOVE 1
| #define HAVE_MEMSET 1
| #define HAVE_SELECT 1
| #define HAVE_STRDUP 1
| #define HAVE_NANOSLEEP 1
| #define HAVE_PNG_GET_IO_PTR /**/
| #define HAVE_CAIRO_FORMAT_STRIDE_FOR_WIDTH /**/
| #define HAVE_POLL /**/
| #define GUACD_CONF_FILE "/etc/guacamole/guacd.conf"
| #define ENABLE_SSL /**/
| #define ENABLE_OGG /**/
| #define ENABLE_PULSE /**/
| #define HAVE_RFBCLIENT_DESTHOST 1
| #define HAVE_RFBCLIENT_DESTPORT 1
| #define ENABLE_VNC_REPEATER /**/
| #define ENABLE_VNC_LISTEN /**/
| #define HAVE_RFBCLIENT_LOCKWRITETOTLS 1
| #define HAVE_RFBCLIENT_UNLOCKWRITETOTLS 1
| #define ENABLE_VNC_TLS_LOCKING /**/
| #define HAVE_RFBCLIENT_GETCREDENTIAL 1
| #define ENABLE_VNC_GENERIC_CREDENTIALS /**/
| #define HAVE_FREERDPCONVERTCOLOR /**/
| #define FREERDP_GLYPH_CALLBACKS_ACCEPT_INT32 /**/
| #define FREERDP_CLIPRDR_CALLBACKS_REQUIRE_CONST /**/
| #define FREERDP_RAIL_CALLBACKS_REQUIRE_CONST /**/
| #define HAVE_RDPSETTINGS_ALLOWUNANOUNCEDORDERSFROMSERVER 1
| #define HAVE_FREERDP_VERIFYCERTIFICATEEX 1
| #define ENABLE_COMMON_SSH /**/
| /* end confdefs.h.  */
| 
| /* Override any GCC internal prototype to avoid an error.
|    Use char because int might match the return type of a GCC
|    builtin and then its argument prototype would still apply.  */
| char gcry_control ();
| int
| main (void)
| {
| return gcry_control ();
|   ;
|   return 0;
| }
configure:17049: result: no
configure:17137: checking for telnet_init in -ltelnet
configure:17160: gcc -o conftest -g -O2   conftest.c -ltelnet   >&5
configure:17160: $? = 0
configure:17170: result: yes
configure:17213: checking for webp/encode.h
configure:17213: gcc -c -g -O2  conftest.c >&5
configure:17213: $? = 0
configure:17213: result: yes
configure:17221: checking for WebPEncode in -lwebp
configure:17244: gcc -o conftest -g -O2   conftest.c -lwebp   >&5
configure:17244: $? = 0
configure:17254: result: yes
configure:17312: checking for lws_create_context in -lwebsockets
configure:17335: gcc -o conftest -g -O2   conftest.c -lwebsockets   >&5
/usr/bin/ld: cannot find -lwebsockets: No such file or directory
collect2: error: ld returned 1 exit status
configure:17335: $? = 1
configure: failed program was:
| /* confdefs.h */
| #define PACKAGE_NAME "guacamole-server"
| #define PACKAGE_TARNAME "guacamole-server"
| #define PACKAGE_VERSION "1.5.4"
| #define PACKAGE_STRING "guacamole-server 1.5.4"
| #define PACKAGE_BUGREPORT ""
| #define PACKAGE_URL ""
| #define PACKAGE "guacamole-server"
| #define VERSION "1.5.4"
| #define HAVE_STDIO_H 1
| #define HAVE_STDLIB_H 1
| #define HAVE_STRING_H 1
| #define HAVE_INTTYPES_H 1
| #define HAVE_STDINT_H 1
| #define HAVE_STRINGS_H 1
| #define HAVE_SYS_STAT_H 1
| #define HAVE_SYS_TYPES_H 1
| #define HAVE_UNISTD_H 1
| #define STDC_HEADERS 1
| #define HAVE_DLFCN_H 1
| #define LT_OBJDIR ".libs/"
| #define HAVE_FCNTL_H 1
| #define HAVE_STDLIB_H 1
| #define HAVE_STRING_H 1
| #define HAVE_SYS_SOCKET_H 1
| #define HAVE_TIME_H 1
| #define HAVE_SYS_TIME_H 1
| #define HAVE_SYSLOG_H 1
| #define HAVE_UNISTD_H 1
| #define HAVE_CAIRO_CAIRO_H 1
| #define _XOPEN_SOURCE 700
| #define __BSD_VISIBLE 1
| #define HAVE_LIBPTHREAD /**/
| #define HAVE_LIBUUID /**/
| #define HAVE_CLOCK_GETTIME 1
| #define HAVE_GETTIMEOFDAY 1
| #define HAVE_MEMMOVE 1
| #define HAVE_MEMSET 1
| #define HAVE_SELECT 1
| #define HAVE_STRDUP 1
| #define HAVE_NANOSLEEP 1
| #define HAVE_PNG_GET_IO_PTR /**/
| #define HAVE_CAIRO_FORMAT_STRIDE_FOR_WIDTH /**/
| #define HAVE_POLL /**/
| #define GUACD_CONF_FILE "/etc/guacamole/guacd.conf"
| #define ENABLE_SSL /**/
| #define ENABLE_OGG /**/
| #define ENABLE_PULSE /**/
| #define HAVE_RFBCLIENT_DESTHOST 1
| #define HAVE_RFBCLIENT_DESTPORT 1
| #define ENABLE_VNC_REPEATER /**/
| #define ENABLE_VNC_LISTEN /**/
| #define HAVE_RFBCLIENT_LOCKWRITETOTLS 1
| #define HAVE_RFBCLIENT_UNLOCKWRITETOTLS 1
| #define ENABLE_VNC_TLS_LOCKING /**/
| #define HAVE_RFBCLIENT_GETCREDENTIAL 1
| #define ENABLE_VNC_GENERIC_CREDENTIALS /**/
| #define HAVE_FREERDPCONVERTCOLOR /**/
| #define FREERDP_GLYPH_CALLBACKS_ACCEPT_INT32 /**/
| #define FREERDP_CLIPRDR_CALLBACKS_REQUIRE_CONST /**/
| #define FREERDP_RAIL_CALLBACKS_REQUIRE_CONST /**/
| #define HAVE_RDPSETTINGS_ALLOWUNANOUNCEDORDERSFROMSERVER 1
| #define HAVE_FREERDP_VERIFYCERTIFICATEEX 1
| #define ENABLE_COMMON_SSH /**/
| #define ENABLE_WEBP /**/
| /* end confdefs.h.  */
| 
| /* Override any GCC internal prototype to avoid an error.
|    Use char because int might match the return type of a GCC
|    builtin and then its argument prototype would still apply.  */
| char lws_create_context ();
| int
| main (void)
| {
| return lws_create_context ();
|   ;
|   return 0;
| }
configure:17345: result: no
configure:17351: WARNING:
  --------------------------------------------
   Unable to find libwebsockets.
   Support for Kubernetes will be disabled.
  --------------------------------------------
configure:17372: checking whether LWS_CALLBACK_CLIENT_CLOSED is declared
configure:17372: gcc -c -g -O2   conftest.c >&5
conftest.c:67:10: fatal error: libwebsockets.h: No such file or directory
   67 | #include <libwebsockets.h>
      |          ^~~~~~~~~~~~~~~~~
compilation terminated.
configure:17372: $? = 1
configure: failed program was:
| /* confdefs.h */
| #define PACKAGE_NAME "guacamole-server"
| #define PACKAGE_TARNAME "guacamole-server"
| #define PACKAGE_VERSION "1.5.4"
| #define PACKAGE_STRING "guacamole-server 1.5.4"
| #define PACKAGE_BUGREPORT ""
| #define PACKAGE_URL ""
| #define PACKAGE "guacamole-server"
| #define VERSION "1.5.4"
| #define HAVE_STDIO_H 1
| #define HAVE_STDLIB_H 1
| #define HAVE_STRING_H 1
| #define HAVE_INTTYPES_H 1
| #define HAVE_STDINT_H 1
| #define HAVE_STRINGS_H 1
| #define HAVE_SYS_STAT_H 1
| #define HAVE_SYS_TYPES_H 1
| #define HAVE_UNISTD_H 1
| #define STDC_HEADERS 1
| #define HAVE_DLFCN_H 1
| #define LT_OBJDIR ".libs/"
| #define HAVE_FCNTL_H 1
| #define HAVE_STDLIB_H 1
| #define HAVE_STRING_H 1
| #define HAVE_SYS_SOCKET_H 1
| #define HAVE_TIME_H 1
| #define HAVE_SYS_TIME_H 1
| #define HAVE_SYSLOG_H 1
| #define HAVE_UNISTD_H 1
| #define HAVE_CAIRO_CAIRO_H 1
| #define _XOPEN_SOURCE 700
| #define __BSD_VISIBLE 1
| #define HAVE_LIBPTHREAD /**/
| #define HAVE_LIBUUID /**/
| #define HAVE_CLOCK_GETTIME 1
| #define HAVE_GETTIMEOFDAY 1
| #define HAVE_MEMMOVE 1
| #define HAVE_MEMSET 1
| #define HAVE_SELECT 1
| #define HAVE_STRDUP 1
| #define HAVE_NANOSLEEP 1
| #define HAVE_PNG_GET_IO_PTR /**/
| #define HAVE_CAIRO_FORMAT_STRIDE_FOR_WIDTH /**/
| #define HAVE_POLL /**/
| #define GUACD_CONF_FILE "/etc/guacamole/guacd.conf"
| #define ENABLE_SSL /**/
| #define ENABLE_OGG /**/
| #define ENABLE_PULSE /**/
| #define HAVE_RFBCLIENT_DESTHOST 1
| #define HAVE_RFBCLIENT_DESTPORT 1
| #define ENABLE_VNC_REPEATER /**/
| #define ENABLE_VNC_LISTEN /**/
| #define HAVE_RFBCLIENT_LOCKWRITETOTLS 1
| #define HAVE_RFBCLIENT_UNLOCKWRITETOTLS 1
| #define ENABLE_VNC_TLS_LOCKING /**/
| #define HAVE_RFBCLIENT_GETCREDENTIAL 1
| #define ENABLE_VNC_GENERIC_CREDENTIALS /**/
| #define HAVE_FREERDPCONVERTCOLOR /**/
| #define FREERDP_GLYPH_CALLBACKS_ACCEPT_INT32 /**/
| #define FREERDP_CLIPRDR_CALLBACKS_REQUIRE_CONST /**/
| #define FREERDP_RAIL_CALLBACKS_REQUIRE_CONST /**/
| #define HAVE_RDPSETTINGS_ALLOWUNANOUNCEDORDERSFROMSERVER 1
| #define HAVE_FREERDP_VERIFYCERTIFICATEEX 1
| #define ENABLE_COMMON_SSH /**/
| #define ENABLE_WEBP /**/
| /* end confdefs.h.  */
| #include <libwebsockets.h>
| 
| int
| main (void)
| {
| #ifndef LWS_CALLBACK_CLIENT_CLOSED
| #ifdef __cplusplus
|   (void) LWS_CALLBACK_CLIENT_CLOSED;
| #else
|   (void) LWS_CALLBACK_CLIENT_CLOSED;
| #endif
| #endif
| 
|   ;
|   return 0;
| }
configure:17372: result: no
configure:17384: checking whether LWS_SERVER_OPTION_DO_SSL_GLOBAL_INIT is declared
configure:17384: gcc -c -g -O2   conftest.c >&5
conftest.c:67:10: fatal error: libwebsockets.h: No such file or directory
   67 | #include <libwebsockets.h>
      |          ^~~~~~~~~~~~~~~~~
compilation terminated.
configure:17384: $? = 1
configure: failed program was:
| /* confdefs.h */
| #define PACKAGE_NAME "guacamole-server"
| #define PACKAGE_TARNAME "guacamole-server"
| #define PACKAGE_VERSION "1.5.4"
| #define PACKAGE_STRING "guacamole-server 1.5.4"
| #define PACKAGE_BUGREPORT ""
| #define PACKAGE_URL ""
| #define PACKAGE "guacamole-server"
| #define VERSION "1.5.4"
| #define HAVE_STDIO_H 1
| #define HAVE_STDLIB_H 1
| #define HAVE_STRING_H 1
| #define HAVE_INTTYPES_H 1
| #define HAVE_STDINT_H 1
| #define HAVE_STRINGS_H 1
| #define HAVE_SYS_STAT_H 1
| #define HAVE_SYS_TYPES_H 1
| #define HAVE_UNISTD_H 1
| #define STDC_HEADERS 1
| #define HAVE_DLFCN_H 1
| #define LT_OBJDIR ".libs/"
| #define HAVE_FCNTL_H 1
| #define HAVE_STDLIB_H 1
| #define HAVE_STRING_H 1
| #define HAVE_SYS_SOCKET_H 1
| #define HAVE_TIME_H 1
| #define HAVE_SYS_TIME_H 1
| #define HAVE_SYSLOG_H 1
| #define HAVE_UNISTD_H 1
| #define HAVE_CAIRO_CAIRO_H 1
| #define _XOPEN_SOURCE 700
| #define __BSD_VISIBLE 1
| #define HAVE_LIBPTHREAD /**/
| #define HAVE_LIBUUID /**/
| #define HAVE_CLOCK_GETTIME 1
| #define HAVE_GETTIMEOFDAY 1
| #define HAVE_MEMMOVE 1
| #define HAVE_MEMSET 1
| #define HAVE_SELECT 1
| #define HAVE_STRDUP 1
| #define HAVE_NANOSLEEP 1
| #define HAVE_PNG_GET_IO_PTR /**/
| #define HAVE_CAIRO_FORMAT_STRIDE_FOR_WIDTH /**/
| #define HAVE_POLL /**/
| #define GUACD_CONF_FILE "/etc/guacamole/guacd.conf"
| #define ENABLE_SSL /**/
| #define ENABLE_OGG /**/
| #define ENABLE_PULSE /**/
| #define HAVE_RFBCLIENT_DESTHOST 1
| #define HAVE_RFBCLIENT_DESTPORT 1
| #define ENABLE_VNC_REPEATER /**/
| #define ENABLE_VNC_LISTEN /**/
| #define HAVE_RFBCLIENT_LOCKWRITETOTLS 1
| #define HAVE_RFBCLIENT_UNLOCKWRITETOTLS 1
| #define ENABLE_VNC_TLS_LOCKING /**/
| #define HAVE_RFBCLIENT_GETCREDENTIAL 1
| #define ENABLE_VNC_GENERIC_CREDENTIALS /**/
| #define HAVE_FREERDPCONVERTCOLOR /**/
| #define FREERDP_GLYPH_CALLBACKS_ACCEPT_INT32 /**/
| #define FREERDP_CLIPRDR_CALLBACKS_REQUIRE_CONST /**/
| #define FREERDP_RAIL_CALLBACKS_REQUIRE_CONST /**/
| #define HAVE_RDPSETTINGS_ALLOWUNANOUNCEDORDERSFROMSERVER 1
| #define HAVE_FREERDP_VERIFYCERTIFICATEEX 1
| #define ENABLE_COMMON_SSH /**/
| #define ENABLE_WEBP /**/
| /* end confdefs.h.  */
| #include <libwebsockets.h>
| 
| int
| main (void)
| {
| #ifndef LWS_SERVER_OPTION_DO_SSL_GLOBAL_INIT
| #ifdef __cplusplus
|   (void) LWS_SERVER_OPTION_DO_SSL_GLOBAL_INIT;
| #else
|   (void) LWS_SERVER_OPTION_DO_SSL_GLOBAL_INIT;
| #endif
| #endif
| 
|   ;
|   return 0;
| }
configure:17384: result: no
configure:17395: checking whether LCCSCF_USE_SSL is declared
configure:17395: gcc -c -g -O2   conftest.c >&5
conftest.c:67:10: fatal error: libwebsockets.h: No such file or directory
   67 | #include <libwebsockets.h>
      |          ^~~~~~~~~~~~~~~~~
compilation terminated.
configure:17395: $? = 1
configure: failed program was:
| /* confdefs.h */
| #define PACKAGE_NAME "guacamole-server"
| #define PACKAGE_TARNAME "guacamole-server"
| #define PACKAGE_VERSION "1.5.4"
| #define PACKAGE_STRING "guacamole-server 1.5.4"
| #define PACKAGE_BUGREPORT ""
| #define PACKAGE_URL ""
| #define PACKAGE "guacamole-server"
| #define VERSION "1.5.4"
| #define HAVE_STDIO_H 1
| #define HAVE_STDLIB_H 1
| #define HAVE_STRING_H 1
| #define HAVE_INTTYPES_H 1
| #define HAVE_STDINT_H 1
| #define HAVE_STRINGS_H 1
| #define HAVE_SYS_STAT_H 1
| #define HAVE_SYS_TYPES_H 1
| #define HAVE_UNISTD_H 1
| #define STDC_HEADERS 1
| #define HAVE_DLFCN_H 1
| #define LT_OBJDIR ".libs/"
| #define HAVE_FCNTL_H 1
| #define HAVE_STDLIB_H 1
| #define HAVE_STRING_H 1
| #define HAVE_SYS_SOCKET_H 1
| #define HAVE_TIME_H 1
| #define HAVE_SYS_TIME_H 1
| #define HAVE_SYSLOG_H 1
| #define HAVE_UNISTD_H 1
| #define HAVE_CAIRO_CAIRO_H 1
| #define _XOPEN_SOURCE 700
| #define __BSD_VISIBLE 1
| #define HAVE_LIBPTHREAD /**/
| #define HAVE_LIBUUID /**/
| #define HAVE_CLOCK_GETTIME 1
| #define HAVE_GETTIMEOFDAY 1
| #define HAVE_MEMMOVE 1
| #define HAVE_MEMSET 1
| #define HAVE_SELECT 1
| #define HAVE_STRDUP 1
| #define HAVE_NANOSLEEP 1
| #define HAVE_PNG_GET_IO_PTR /**/
| #define HAVE_CAIRO_FORMAT_STRIDE_FOR_WIDTH /**/
| #define HAVE_POLL /**/
| #define GUACD_CONF_FILE "/etc/guacamole/guacd.conf"
| #define ENABLE_SSL /**/
| #define ENABLE_OGG /**/
| #define ENABLE_PULSE /**/
| #define HAVE_RFBCLIENT_DESTHOST 1
| #define HAVE_RFBCLIENT_DESTPORT 1
| #define ENABLE_VNC_REPEATER /**/
| #define ENABLE_VNC_LISTEN /**/
| #define HAVE_RFBCLIENT_LOCKWRITETOTLS 1
| #define HAVE_RFBCLIENT_UNLOCKWRITETOTLS 1
| #define ENABLE_VNC_TLS_LOCKING /**/
| #define HAVE_RFBCLIENT_GETCREDENTIAL 1
| #define ENABLE_VNC_GENERIC_CREDENTIALS /**/
| #define HAVE_FREERDPCONVERTCOLOR /**/
| #define FREERDP_GLYPH_CALLBACKS_ACCEPT_INT32 /**/
| #define FREERDP_CLIPRDR_CALLBACKS_REQUIRE_CONST /**/
| #define FREERDP_RAIL_CALLBACKS_REQUIRE_CONST /**/
| #define HAVE_RDPSETTINGS_ALLOWUNANOUNCEDORDERSFROMSERVER 1
| #define HAVE_FREERDP_VERIFYCERTIFICATEEX 1
| #define ENABLE_COMMON_SSH /**/
| #define ENABLE_WEBP /**/
| /* end confdefs.h.  */
| #include <libwebsockets.h>
| 
| int
| main (void)
| {
| #ifndef LCCSCF_USE_SSL
| #ifdef __cplusplus
|   (void) LCCSCF_USE_SSL;
| #else
|   (void) LCCSCF_USE_SSL;
| #endif
| #endif
| 
|   ;
|   return 0;
| }
configure:17395: result: no
configure:17407: checking whether lws_callback_http_dummy is declared
configure:17407: gcc -c -g -O2   conftest.c >&5
conftest.c:67:10: fatal error: libwebsockets.h: No such file or directory
   67 | #include <libwebsockets.h>
      |          ^~~~~~~~~~~~~~~~~
compilation terminated.
configure:17407: $? = 1
configure: failed program was:
| /* confdefs.h */
| #define PACKAGE_NAME "guacamole-server"
| #define PACKAGE_TARNAME "guacamole-server"
| #define PACKAGE_VERSION "1.5.4"
| #define PACKAGE_STRING "guacamole-server 1.5.4"
| #define PACKAGE_BUGREPORT ""
| #define PACKAGE_URL ""
| #define PACKAGE "guacamole-server"
| #define VERSION "1.5.4"
| #define HAVE_STDIO_H 1
| #define HAVE_STDLIB_H 1
| #define HAVE_STRING_H 1
| #define HAVE_INTTYPES_H 1
| #define HAVE_STDINT_H 1
| #define HAVE_STRINGS_H 1
| #define HAVE_SYS_STAT_H 1
| #define HAVE_SYS_TYPES_H 1
| #define HAVE_UNISTD_H 1
| #define STDC_HEADERS 1
| #define HAVE_DLFCN_H 1
| #define LT_OBJDIR ".libs/"
| #define HAVE_FCNTL_H 1
| #define HAVE_STDLIB_H 1
| #define HAVE_STRING_H 1
| #define HAVE_SYS_SOCKET_H 1
| #define HAVE_TIME_H 1
| #define HAVE_SYS_TIME_H 1
| #define HAVE_SYSLOG_H 1
| #define HAVE_UNISTD_H 1
| #define HAVE_CAIRO_CAIRO_H 1
| #define _XOPEN_SOURCE 700
| #define __BSD_VISIBLE 1
| #define HAVE_LIBPTHREAD /**/
| #define HAVE_LIBUUID /**/
| #define HAVE_CLOCK_GETTIME 1
| #define HAVE_GETTIMEOFDAY 1
| #define HAVE_MEMMOVE 1
| #define HAVE_MEMSET 1
| #define HAVE_SELECT 1
| #define HAVE_STRDUP 1
| #define HAVE_NANOSLEEP 1
| #define HAVE_PNG_GET_IO_PTR /**/
| #define HAVE_CAIRO_FORMAT_STRIDE_FOR_WIDTH /**/
| #define HAVE_POLL /**/
| #define GUACD_CONF_FILE "/etc/guacamole/guacd.conf"
| #define ENABLE_SSL /**/
| #define ENABLE_OGG /**/
| #define ENABLE_PULSE /**/
| #define HAVE_RFBCLIENT_DESTHOST 1
| #define HAVE_RFBCLIENT_DESTPORT 1
| #define ENABLE_VNC_REPEATER /**/
| #define ENABLE_VNC_LISTEN /**/
| #define HAVE_RFBCLIENT_LOCKWRITETOTLS 1
| #define HAVE_RFBCLIENT_UNLOCKWRITETOTLS 1
| #define ENABLE_VNC_TLS_LOCKING /**/
| #define HAVE_RFBCLIENT_GETCREDENTIAL 1
| #define ENABLE_VNC_GENERIC_CREDENTIALS /**/
| #define HAVE_FREERDPCONVERTCOLOR /**/
| #define FREERDP_GLYPH_CALLBACKS_ACCEPT_INT32 /**/
| #define FREERDP_CLIPRDR_CALLBACKS_REQUIRE_CONST /**/
| #define FREERDP_RAIL_CALLBACKS_REQUIRE_CONST /**/
| #define HAVE_RDPSETTINGS_ALLOWUNANOUNCEDORDERSFROMSERVER 1
| #define HAVE_FREERDP_VERIFYCERTIFICATEEX 1
| #define ENABLE_COMMON_SSH /**/
| #define ENABLE_WEBP /**/
| /* end confdefs.h.  */
| #include <libwebsockets.h>
| 
| int
| main (void)
| {
| #ifndef lws_callback_http_dummy
| #ifdef __cplusplus
|   (void) lws_callback_http_dummy;
| #else
|   (void) lws_callback_http_dummy;
| #endif
| #endif
| 
|   ;
|   return 0;
| }
configure:17407: result: no
configure:17631: checking that generated files are newer than configure
configure:17637: result: done
configure:17756: creating ./config.status

## ---------------------- ##
## Running config.status. ##
## ---------------------- ##

This file was extended by guacamole-server config.status 1.5.4, which was
generated by GNU Autoconf 2.71.  Invocation command line was

  CONFIG_FILES    = 
  CONFIG_HEADERS  = 
  CONFIG_LINKS    = 
  CONFIG_COMMANDS = 
  $ ./config.status 

on pablo-XPS-9320

config.status:1252: creating Makefile
config.status:1252: creating doc/libguac/Doxyfile
config.status:1252: creating doc/libguac-terminal/Doxyfile
config.status:1252: creating src/common/Makefile
config.status:1252: creating src/common/tests/Makefile
config.status:1252: creating src/common-ssh/Makefile
config.status:1252: creating src/common-ssh/tests/Makefile
config.status:1252: creating src/terminal/Makefile
config.status:1252: creating src/libguac/Makefile
config.status:1252: creating src/libguac/tests/Makefile
config.status:1252: creating src/guacd/Makefile
config.status:1252: creating src/guacd/man/guacd.8
config.status:1252: creating src/guacd/man/guacd.conf.5
config.status:1252: creating src/guacenc/Makefile
config.status:1252: creating src/guacenc/man/guacenc.1
config.status:1252: creating src/guaclog/Makefile
config.status:1252: creating src/guaclog/man/guaclog.1
config.status:1252: creating src/pulse/Makefile
config.status:1252: creating src/protocols/kubernetes/Makefile
config.status:1252: creating src/protocols/kubernetes/tests/Makefile
config.status:1252: creating src/protocols/rdp/Makefile
config.status:1252: creating src/protocols/rdp/tests/Makefile
config.status:1252: creating src/protocols/ssh/Makefile
config.status:1252: creating src/protocols/telnet/Makefile
config.status:1252: creating src/protocols/vnc/Makefile
config.status:1252: creating config.h
config.status:1433: config.h is unchanged
config.status:1481: executing depfiles commands
config.status:1558: cd src/common       && sed -e '/# am--include-marker/d' Makefile         | make -f - am--depfiles
make: Nothing to be done for 'am--depfiles'.
config.status:1563: $? = 0
config.status:1558: cd src/common/tests       && sed -e '/# am--include-marker/d' Makefile         | make -f - am--depfiles
make: Nothing to be done for 'am--depfiles'.
config.status:1563: $? = 0
config.status:1558: cd src/common-ssh       && sed -e '/# am--include-marker/d' Makefile         | make -f - am--depfiles
make: Nothing to be done for 'am--depfiles'.
config.status:1563: $? = 0
config.status:1558: cd src/common-ssh/tests       && sed -e '/# am--include-marker/d' Makefile         | make -f - am--depfiles
make: Nothing to be done for 'am--depfiles'.
config.status:1563: $? = 0
config.status:1558: cd src/terminal       && sed -e '/# am--include-marker/d' Makefile         | make -f - am--depfiles
make: Nothing to be done for 'am--depfiles'.
config.status:1563: $? = 0
config.status:1558: cd src/libguac       && sed -e '/# am--include-marker/d' Makefile         | make -f - am--depfiles
make: Nothing to be done for 'am--depfiles'.
config.status:1563: $? = 0
config.status:1558: cd src/libguac/tests       && sed -e '/# am--include-marker/d' Makefile         | make -f - am--depfiles
make: Nothing to be done for 'am--depfiles'.
config.status:1563: $? = 0
config.status:1558: cd src/guacd       && sed -e '/# am--include-marker/d' Makefile         | make -f - am--depfiles
make: Nothing to be done for 'am--depfiles'.
config.status:1563: $? = 0
config.status:1558: cd src/guacenc       && sed -e '/# am--include-marker/d' Makefile         | make -f - am--depfiles
make: Nothing to be done for 'am--depfiles'.
config.status:1563: $? = 0
config.status:1558: cd src/guaclog       && sed -e '/# am--include-marker/d' Makefile         | make -f - am--depfiles
make: Nothing to be done for 'am--depfiles'.
config.status:1563: $? = 0
config.status:1558: cd src/pulse       && sed -e '/# am--include-marker/d' Makefile         | make -f - am--depfiles
make: Nothing to be done for 'am--depfiles'.
config.status:1563: $? = 0
config.status:1558: cd src/protocols/kubernetes       && sed -e '/# am--include-marker/d' Makefile         | make -f - am--depfiles
make: Nothing to be done for 'am--depfiles'.
config.status:1563: $? = 0
config.status:1558: cd src/protocols/kubernetes/tests       && sed -e '/# am--include-marker/d' Makefile         | make -f - am--depfiles
make: Nothing to be done for 'am--depfiles'.
config.status:1563: $? = 0
config.status:1558: cd src/protocols/rdp       && sed -e '/# am--include-marker/d' Makefile         | make -f - am--depfiles
make: Nothing to be done for 'am--depfiles'.
config.status:1563: $? = 0
config.status:1558: cd src/protocols/rdp/tests       && sed -e '/# am--include-marker/d' Makefile         | make -f - am--depfiles
make: Nothing to be done for 'am--depfiles'.
config.status:1563: $? = 0
config.status:1558: cd src/protocols/ssh       && sed -e '/# am--include-marker/d' Makefile         | make -f - am--depfiles
make: Nothing to be done for 'am--depfiles'.
config.status:1563: $? = 0
config.status:1558: cd src/protocols/telnet       && sed -e '/# am--include-marker/d' Makefile         | make -f - am--depfiles
make: Nothing to be done for 'am--depfiles'.
config.status:1563: $? = 0
config.status:1558: cd src/protocols/vnc       && sed -e '/# am--include-marker/d' Makefile         | make -f - am--depfiles
make: Nothing to be done for 'am--depfiles'.
config.status:1563: $? = 0
config.status:1481: executing libtool commands

## ---------------- ##
## Cache variables. ##
## ---------------- ##

ac_cv_build=x86_64-pc-linux-gnu
ac_cv_c_compiler_gnu=yes
ac_cv_c_undeclared_builtin_options='none needed'
ac_cv_env_AVCODEC_CFLAGS_set=
ac_cv_env_AVCODEC_CFLAGS_value=
ac_cv_env_AVCODEC_LIBS_set=
ac_cv_env_AVCODEC_LIBS_value=
ac_cv_env_AVFORMAT_CFLAGS_set=
ac_cv_env_AVFORMAT_CFLAGS_value=
ac_cv_env_AVFORMAT_LIBS_set=
ac_cv_env_AVFORMAT_LIBS_value=
ac_cv_env_AVUTIL_CFLAGS_set=
ac_cv_env_AVUTIL_CFLAGS_value=
ac_cv_env_AVUTIL_LIBS_set=
ac_cv_env_AVUTIL_LIBS_value=
ac_cv_env_CC_set=
ac_cv_env_CC_value=
ac_cv_env_CFLAGS_set=
ac_cv_env_CFLAGS_value=
ac_cv_env_CPPFLAGS_set=
ac_cv_env_CPPFLAGS_value=
ac_cv_env_CPP_set=
ac_cv_env_CPP_value=
ac_cv_env_LDFLAGS_set=
ac_cv_env_LDFLAGS_value=
ac_cv_env_LIBS_set=
ac_cv_env_LIBS_value=
ac_cv_env_LT_SYS_LIBRARY_PATH_set=
ac_cv_env_LT_SYS_LIBRARY_PATH_value=
ac_cv_env_PANGOCAIRO_CFLAGS_set=
ac_cv_env_PANGOCAIRO_CFLAGS_value=
ac_cv_env_PANGOCAIRO_LIBS_set=
ac_cv_env_PANGOCAIRO_LIBS_value=
ac_cv_env_PANGO_CFLAGS_set=
ac_cv_env_PANGO_CFLAGS_value=
ac_cv_env_PANGO_LIBS_set=
ac_cv_env_PANGO_LIBS_value=
ac_cv_env_PKG_CONFIG_LIBDIR_set=
ac_cv_env_PKG_CONFIG_LIBDIR_value=
ac_cv_env_PKG_CONFIG_PATH_set=
ac_cv_env_PKG_CONFIG_PATH_value=
ac_cv_env_PKG_CONFIG_set=
ac_cv_env_PKG_CONFIG_value=
ac_cv_env_RDP_CFLAGS_set=
ac_cv_env_RDP_CFLAGS_value=
ac_cv_env_RDP_LIBS_set=
ac_cv_env_RDP_LIBS_value=
ac_cv_env_SWSCALE_CFLAGS_set=
ac_cv_env_SWSCALE_CFLAGS_value=
ac_cv_env_SWSCALE_LIBS_set=
ac_cv_env_SWSCALE_LIBS_value=
ac_cv_env_build_alias_set=
ac_cv_env_build_alias_value=
ac_cv_env_host_alias_set=
ac_cv_env_host_alias_value=
ac_cv_env_target_alias_set=
ac_cv_env_target_alias_value=
ac_cv_func_clock_gettime=yes
ac_cv_func_dlopen=yes
ac_cv_func_gettimeofday=yes
ac_cv_func_memmove=yes
ac_cv_func_memset=yes
ac_cv_func_nanosleep=yes
ac_cv_func_select=yes
ac_cv_func_shl_load=no
ac_cv_func_strdup=yes
ac_cv_have_decl_FreeRDPConvertColor=yes
ac_cv_have_decl_LCCSCF_USE_SSL=no
ac_cv_have_decl_LIBVNCSERVER_WITH_CLIENT_GCRYPT=no
ac_cv_have_decl_LWS_CALLBACK_CLIENT_CLOSED=no
ac_cv_have_decl_LWS_SERVER_OPTION_DO_SSL_GLOBAL_INIT=no
ac_cv_have_decl_cairo_format_stride_for_width=yes
ac_cv_have_decl_listenForIncomingConnectionsNoFork=yes
ac_cv_have_decl_lws_callback_http_dummy=no
ac_cv_have_decl_png_get_io_ptr=yes
ac_cv_have_decl_poll=yes
ac_cv_have_decl_strlcat=no
ac_cv_have_decl_strlcpy=no
ac_cv_have_decl_strnstr=no
ac_cv_header_cairo_cairo_h=yes
ac_cv_header_dlfcn_h=yes
ac_cv_header_fcntl_h=yes
ac_cv_header_inttypes_h=yes
ac_cv_header_openssl_ssl_h=yes
ac_cv_header_pngstruct_h=no
ac_cv_header_stdint_h=yes
ac_cv_header_stdio_h=yes
ac_cv_header_stdlib_h=yes
ac_cv_header_string_h=yes
ac_cv_header_strings_h=yes
ac_cv_header_sys_socket_h=yes
ac_cv_header_sys_stat_h=yes
ac_cv_header_sys_time_h=yes
ac_cv_header_sys_types_h=yes
ac_cv_header_syslog_h=yes
ac_cv_header_time_h=yes
ac_cv_header_unistd_h=yes
ac_cv_header_vorbis_vorbisenc_h=yes
ac_cv_header_webp_encode_h=yes
ac_cv_host=x86_64-pc-linux-gnu
ac_cv_lib_cairo_cairo_create=yes
ac_cv_lib_cunit_CU_run_test=no
ac_cv_lib_dl_dlopen=yes
ac_cv_lib_dld_shl_load=no
ac_cv_lib_jpeg_jpeg_start_compress=yes
ac_cv_lib_m_cos=yes
ac_cv_lib_ogg_ogg_stream_init=yes
ac_cv_lib_png_png_write_png=yes
ac_cv_lib_pthread_pthread_create=yes
ac_cv_lib_pulse_pa_context_new=yes
ac_cv_lib_ssh2_gcry_control=no
ac_cv_lib_ssh2_libssh2_userauth_publickey_frommemory=yes
ac_cv_lib_ssl_SSL_CTX_new=yes
ac_cv_lib_telnet_telnet_init=yes
ac_cv_lib_uuid_uuid_generate=yes
ac_cv_lib_vncclient_rfbInitClient=yes
ac_cv_lib_vorbis_vorbis_block_init=yes
ac_cv_lib_vorbisenc_vorbis_encode_init=yes
ac_cv_lib_webp_WebPEncode=yes
ac_cv_lib_websockets_lws_create_context=no
ac_cv_lib_wsock32_main=no
ac_cv_member_freerdp_VerifyCertificateEx=yes
ac_cv_member_rdpSettings_AllowUnanouncedOrdersFromServer=yes
ac_cv_member_rfbClient_GetCredential=yes
ac_cv_member_rfbClient_LockWriteToTLS=yes
ac_cv_member_rfbClient_UnlockWriteToTLS=yes
ac_cv_member_rfbClient_destHost=yes
ac_cv_member_rfbClient_destPort=yes
ac_cv_objext=o
ac_cv_path_EGREP='/usr/bin/grep -E'
ac_cv_path_FGREP='/usr/bin/grep -F'
ac_cv_path_GREP=/usr/bin/grep
ac_cv_path_SED=/usr/bin/sed
ac_cv_path_ac_pt_PKG_CONFIG=/usr/bin/pkg-config
ac_cv_path_install='/usr/bin/install -c'
ac_cv_path_lt_DD=/usr/bin/dd
ac_cv_path_mkdir=/usr/bin/mkdir
ac_cv_prog_AWK=gawk
ac_cv_prog_CPP='gcc -E'
ac_cv_prog_ac_ct_AR=ar
ac_cv_prog_ac_ct_CC=gcc
ac_cv_prog_ac_ct_FILECMD=file
ac_cv_prog_ac_ct_MANIFEST_TOOL=mt
ac_cv_prog_ac_ct_OBJDUMP=objdump
ac_cv_prog_ac_ct_RANLIB=ranlib
ac_cv_prog_ac_ct_STRIP=strip
ac_cv_prog_cc_c11=
ac_cv_prog_cc_g=yes
ac_cv_prog_cc_stdc=
ac_cv_prog_make_make_set=yes
ac_cv_type_size_t=yes
ac_cv_type_ssize_t=yes
am_cv_CC_dependencies_compiler_type=gcc3
am_cv_make_support_nested_variables=yes
am_cv_prog_cc_c_o=yes
lt_cv_ar_at_file=@
lt_cv_archive_cmds_need_lc=no
lt_cv_deplibs_check_method=pass_all
lt_cv_dlopen=dlopen
lt_cv_dlopen_libs=
lt_cv_dlopen_self=yes
lt_cv_dlopen_self_static=no
lt_cv_file_magic_cmd='$MAGIC_CMD'
lt_cv_file_magic_test_file=
lt_cv_ld_reload_flag=-r
lt_cv_nm_interface='BSD nm'
lt_cv_objdir=.libs
lt_cv_path_LD=/usr/bin/ld
lt_cv_path_NM='/usr/bin/nm -B'
lt_cv_path_mainfest_tool=no
lt_cv_prog_compiler_c_o=yes
lt_cv_prog_compiler_pic='-fPIC -DPIC'
lt_cv_prog_compiler_pic_works=yes
lt_cv_prog_compiler_rtti_exceptions=no
lt_cv_prog_compiler_static_works=yes
lt_cv_prog_gnu_ld=yes
lt_cv_sharedlib_from_linklib_cmd='printf %s\n'
lt_cv_shlibpath_overrides_runpath=yes
lt_cv_sys_global_symbol_pipe='/usr/bin/sed -n -e '\''s/^.*[	 ]\([ABCDGIRSTW][ABCDGIRSTW]*\)[	 ][	 ]*\([_A-Za-z][_A-Za-z0-9]*\)$/\1 \2 \2/p'\'' | /usr/bin/sed '\''/ __gnu_lto/d'\'''
lt_cv_sys_global_symbol_to_c_name_address='/usr/bin/sed -n -e '\''s/^: \(.*\) .*$/  {"\1", (void *) 0},/p'\'' -e '\''s/^[ABCDGIRSTW][ABCDGIRSTW]* .* \(.*\)$/  {"\1", (void *) \&\1},/p'\'''
lt_cv_sys_global_symbol_to_c_name_address_lib_prefix='/usr/bin/sed -n -e '\''s/^: \(.*\) .*$/  {"\1", (void *) 0},/p'\'' -e '\''s/^[ABCDGIRSTW][ABCDGIRSTW]* .* \(lib.*\)$/  {"\1", (void *) \&\1},/p'\'' -e '\''s/^[ABCDGIRSTW][ABCDGIRSTW]* .* \(.*\)$/  {"lib\1", (void *) \&\1},/p'\'''
lt_cv_sys_global_symbol_to_cdecl='/usr/bin/sed -n -e '\''s/^T .* \(.*\)$/extern int \1();/p'\'' -e '\''s/^[ABCDGIRSTW][ABCDGIRSTW]* .* \(.*\)$/extern char \1;/p'\'''
lt_cv_sys_global_symbol_to_import=
lt_cv_sys_max_cmd_len=1572864
lt_cv_to_host_file_cmd=func_convert_file_noop
lt_cv_to_tool_file_cmd=func_convert_file_noop
lt_cv_truncate_bin='/usr/bin/dd bs=4096 count=1'
pkg_cv_AVCODEC_CFLAGS=-I/usr/include/x86_64-linux-gnu
pkg_cv_AVCODEC_LIBS=-lavcodec
pkg_cv_AVFORMAT_CFLAGS=-I/usr/include/x86_64-linux-gnu
pkg_cv_AVFORMAT_LIBS=-lavformat
pkg_cv_AVUTIL_CFLAGS=-I/usr/include/x86_64-linux-gnu
pkg_cv_AVUTIL_LIBS=-lavutil
pkg_cv_PANGOCAIRO_CFLAGS='-pthread -I/usr/include/pango-1.0 -I/usr/include/harfbuzz -I/usr/include/pango-1.0 -I/usr/include/libmount -I/usr/include/blkid -I/usr/include/fribidi -I/usr/include/harfbuzz -I/usr/include/cairo -I/usr/include/glib-2.0 -I/usr/lib/x86_64-linux-gnu/glib-2.0/include -I/usr/include/pixman-1 -I/usr/include/uuid -I/usr/include/freetype2 -I/usr/include/libpng16'
pkg_cv_PANGOCAIRO_LIBS='-lpangocairo-1.0 -lpango-1.0 -lgobject-2.0 -lglib-2.0 -lharfbuzz -lcairo'
pkg_cv_PANGO_CFLAGS='-pthread -I/usr/include/pango-1.0 -I/usr/include/libmount -I/usr/include/blkid -I/usr/include/fribidi -I/usr/include/cairo -I/usr/include/pixman-1 -I/usr/include/uuid -I/usr/include/harfbuzz -I/usr/include/glib-2.0 -I/usr/lib/x86_64-linux-gnu/glib-2.0/include -I/usr/include/freetype2 -I/usr/include/libpng16'
pkg_cv_PANGO_LIBS='-lpango-1.0 -lgobject-2.0 -lglib-2.0 -lharfbuzz'
pkg_cv_RDP_CFLAGS='-I/usr/include/freerdp2/ -I/usr/include/winpr2'
pkg_cv_RDP_LIBS='-lfreerdp2 -lfreerdp-client2 -lwinpr2'
pkg_cv_SWSCALE_CFLAGS=-I/usr/include/x86_64-linux-gnu
pkg_cv_SWSCALE_LIBS=-lswscale

## ----------------- ##
## Output variables. ##
## ----------------- ##

ACLOCAL='${SHELL} '\''/home/oneadmin/repos/one/guacamole-server-1.5.4/build-aux/missing'\'' aclocal-1.16'
AMDEPBACKSLASH='\'
AMDEP_FALSE='#'
AMDEP_TRUE=''
AMTAR='$${TAR-tar}'
AM_BACKSLASH='\'
AM_DEFAULT_V='$(AM_DEFAULT_VERBOSITY)'
AM_DEFAULT_VERBOSITY='0'
AM_V='$(V)'
AR='ar'
AUTOCONF='${SHELL} '\''/home/oneadmin/repos/one/guacamole-server-1.5.4/build-aux/missing'\'' autoconf'
AUTOHEADER='${SHELL} '\''/home/oneadmin/repos/one/guacamole-server-1.5.4/build-aux/missing'\'' autoheader'
AUTOMAKE='${SHELL} '\''/home/oneadmin/repos/one/guacamole-server-1.5.4/build-aux/missing'\'' automake-1.16'
AVCODEC_CFLAGS='-I/usr/include/x86_64-linux-gnu'
AVCODEC_LIBS='-lavcodec'
AVFORMAT_CFLAGS='-I/usr/include/x86_64-linux-gnu'
AVFORMAT_LIBS='-lavformat'
AVUTIL_CFLAGS='-I/usr/include/x86_64-linux-gnu'
AVUTIL_LIBS='-lavutil'
AWK='gawk'
CAIRO_LIBS='-lcairo'
CC='gcc'
CCDEPMODE='depmode=gcc3'
CFLAGS='-g -O2'
COMMON_INCLUDE='-I$(top_srcdir)/src/common'
COMMON_LTLIB='$(top_builddir)/src/common/libguac_common.la'
COMMON_SSH_INCLUDE='-I$(top_srcdir)/src/common-ssh'
COMMON_SSH_LTLIB='$(top_builddir)/src/common-ssh/libguac_common_ssh.la'
CPP='gcc -E'
CPPFLAGS=''
CSCOPE='cscope'
CTAGS='ctags'
CUNIT_LIBS=''
CYGPATH_W='echo'
DEFS='-DHAVE_CONFIG_H'
DEPDIR='.deps'
DLLTOOL='false'
DL_LIBS='-ldl'
DSYMUTIL=''
DUMPBIN=''
ECHO_C=''
ECHO_N='-n'
ECHO_T=''
EGREP='/usr/bin/grep -E'
ENABLE_AVCODEC_FALSE='#'
ENABLE_AVCODEC_TRUE=''
ENABLE_AVFORMAT_FALSE='#'
ENABLE_AVFORMAT_TRUE=''
ENABLE_AVUTIL_FALSE='#'
ENABLE_AVUTIL_TRUE=''
ENABLE_COMMON_SSH_FALSE='#'
ENABLE_COMMON_SSH_TRUE=''
ENABLE_GUACD_FALSE='#'
ENABLE_GUACD_TRUE=''
ENABLE_GUACENC_FALSE='#'
ENABLE_GUACENC_TRUE=''
ENABLE_GUACLOG_FALSE='#'
ENABLE_GUACLOG_TRUE=''
ENABLE_INIT_FALSE=''
ENABLE_INIT_TRUE='#'
ENABLE_KUBERNETES_FALSE=''
ENABLE_KUBERNETES_TRUE='#'
ENABLE_OGG_FALSE='#'
ENABLE_OGG_TRUE=''
ENABLE_PULSE_FALSE='#'
ENABLE_PULSE_TRUE=''
ENABLE_RDP_FALSE='#'
ENABLE_RDP_TRUE=''
ENABLE_SSH_AGENT_FALSE=''
ENABLE_SSH_AGENT_TRUE='#'
ENABLE_SSH_FALSE='#'
ENABLE_SSH_TRUE=''
ENABLE_SSL_FALSE='#'
ENABLE_SSL_TRUE=''
ENABLE_SWSCALE_FALSE='#'
ENABLE_SWSCALE_TRUE=''
ENABLE_SYSTEMD_FALSE=''
ENABLE_SYSTEMD_TRUE='#'
ENABLE_TELNET_FALSE='#'
ENABLE_TELNET_TRUE=''
ENABLE_TERMINAL_FALSE='#'
ENABLE_TERMINAL_TRUE=''
ENABLE_VNC_FALSE='#'
ENABLE_VNC_TRUE=''
ENABLE_WEBP_FALSE='#'
ENABLE_WEBP_TRUE=''
ENABLE_WEBSOCKETS_FALSE=''
ENABLE_WEBSOCKETS_TRUE='#'
ENABLE_WINSOCK_FALSE=''
ENABLE_WINSOCK_TRUE='#'
ETAGS='etags'
EXEEXT=''
FGREP='/usr/bin/grep -F'
FILECMD='file'
FREERDP2_PLUGIN_DIR='/usr/lib/x86_64-linux-gnu/freerdp2'
GREP='/usr/bin/grep'
INSTALL_DATA='${INSTALL} -m 644'
INSTALL_PROGRAM='${INSTALL}'
INSTALL_SCRIPT='${INSTALL}'
INSTALL_STRIP_PROGRAM='$(install_sh) -c -s'
JPEG_LIBS='-ljpeg'
LD='/usr/bin/ld -m elf_x86_64'
LDFLAGS=''
LIBGUAC_CLIENT_KUBERNETES_INCLUDE='-I$(top_srcdir)/src/protocols/kubernetes'
LIBGUAC_CLIENT_KUBERNETES_LTLIB='$(top_builddir)/src/protocols/kubernetes/libguac-client-kubernetes.la'
LIBGUAC_CLIENT_RDP_INCLUDE='-I$(top_srcdir)/src/protocols/rdp'
LIBGUAC_CLIENT_RDP_LTLIB='$(top_builddir)/src/protocols/rdp/libguac-client-rdp.la'
LIBGUAC_INCLUDE='-I$(top_srcdir)/src/libguac'
LIBGUAC_LTLIB='$(top_builddir)/src/libguac/libguac.la'
LIBOBJS=''
LIBS=''
LIBTOOL='$(SHELL) $(top_builddir)/libtool'
LIPO=''
LN_S='ln -s'
LTLIBOBJS=''
LT_SYS_LIBRARY_PATH=''
MAKEINFO='${SHELL} '\''/home/oneadmin/repos/one/guacamole-server-1.5.4/build-aux/missing'\'' makeinfo'
MANIFEST_TOOL=':'
MATH_LIBS='-lm'
MKDIR_P='/usr/bin/mkdir -p'
NM='/usr/bin/nm -B'
NMEDIT=''
OBJDUMP='objdump'
OBJEXT='o'
OTOOL64=''
OTOOL=''
PACKAGE='guacamole-server'
PACKAGE_BUGREPORT=''
PACKAGE_NAME='guacamole-server'
PACKAGE_STRING='guacamole-server 1.5.4'
PACKAGE_TARNAME='guacamole-server'
PACKAGE_URL=''
PACKAGE_VERSION='1.5.4'
PANGOCAIRO_CFLAGS='-pthread -I/usr/include/pango-1.0 -I/usr/include/harfbuzz -I/usr/include/pango-1.0 -I/usr/include/libmount -I/usr/include/blkid -I/usr/include/fribidi -I/usr/include/harfbuzz -I/usr/include/cairo -I/usr/include/glib-2.0 -I/usr/lib/x86_64-linux-gnu/glib-2.0/include -I/usr/include/pixman-1 -I/usr/include/uuid -I/usr/include/freetype2 -I/usr/include/libpng16'
PANGOCAIRO_LIBS='-lpangocairo-1.0 -lpango-1.0 -lgobject-2.0 -lglib-2.0 -lharfbuzz -lcairo'
PANGO_CFLAGS='-pthread -I/usr/include/pango-1.0 -I/usr/include/libmount -I/usr/include/blkid -I/usr/include/fribidi -I/usr/include/cairo -I/usr/include/pixman-1 -I/usr/include/uuid -I/usr/include/harfbuzz -I/usr/include/glib-2.0 -I/usr/lib/x86_64-linux-gnu/glib-2.0/include -I/usr/include/freetype2 -I/usr/include/libpng16'
PANGO_LIBS='-lpango-1.0 -lgobject-2.0 -lglib-2.0 -lharfbuzz'
PATH_SEPARATOR=':'
PKG_CONFIG='/usr/bin/pkg-config'
PKG_CONFIG_LIBDIR=''
PKG_CONFIG_PATH=''
PNG_LIBS='-lpng'
PTHREAD_LIBS='-lpthread'
PULSE_INCLUDE='-I$(top_srcdir)/src/pulse'
PULSE_LIBS=' -lpulse'
PULSE_LTLIB='$(top_builddir)/src/pulse/libguac_pulse.la'
RANLIB='ranlib'
RDP_CFLAGS='-I/usr/include/freerdp2/ -I/usr/include/winpr2'
RDP_LIBS='-lfreerdp2 -lfreerdp-client2 -lwinpr2'
SED='/usr/bin/sed'
SET_MAKE=''
SHELL='/bin/bash'
SSH_LIBS=' -lssh2'
SSL_LIBS=' -lssl -lcrypto'
STRIP='strip'
SWSCALE_CFLAGS='-I/usr/include/x86_64-linux-gnu'
SWSCALE_LIBS='-lswscale'
TELNET_LIBS=' -ltelnet'
TERMINAL_INCLUDE='-I$(top_srcdir)/src/terminal $(PANGO_CFLAGS) $(PANGOCAIRO_CFLAGS) $(COMMON_INCLUDE)'
TERMINAL_LTLIB='$(top_builddir)/src/terminal/libguac-terminal.la'
UUID_LIBS='-luuid'
VERSION='1.5.4'
VNC_LIBS=' -lvncclient'
VORBIS_LIBS=' -logg -lvorbis -lvorbisenc'
WEBP_LIBS=' -lwebp'
WEBSOCKETS_LIBS=''
WINSOCK_LIBS=''
ac_ct_AR='ar'
ac_ct_CC='gcc'
ac_ct_DUMPBIN=''
am__EXEEXT_FALSE=''
am__EXEEXT_TRUE='#'
am__fastdepCC_FALSE='#'
am__fastdepCC_TRUE=''
am__include='include'
am__isrc=''
am__leading_dot='.'
am__nodep='_no'
am__quote=''
am__tar='$${TAR-tar} chof - "$$tardir"'
am__untar='$${TAR-tar} xf -'
bindir='${exec_prefix}/bin'
build='x86_64-pc-linux-gnu'
build_alias=''
build_cpu='x86_64'
build_os='linux-gnu'
build_vendor='pc'
datadir='${datarootdir}'
datarootdir='${prefix}/share'
docdir='${datarootdir}/doc/${PACKAGE_TARNAME}'
dvidir='${docdir}'
exec_prefix='${prefix}'
host='x86_64-pc-linux-gnu'
host_alias=''
host_cpu='x86_64'
host_os='linux-gnu'
host_vendor='pc'
htmldir='${docdir}'
includedir='${prefix}/include'
infodir='${datarootdir}/info'
init_dir=''
install_sh='${SHELL} /home/oneadmin/repos/one/guacamole-server-1.5.4/build-aux/install-sh'
libdir='${exec_prefix}/lib'
libexecdir='${exec_prefix}/libexec'
localedir='${datarootdir}/locale'
localstatedir='${prefix}/var'
mandir='${datarootdir}/man'
mkdir_p='$(MKDIR_P)'
oldincludedir='/usr/include'
pdfdir='${docdir}'
prefix='/usr/local'
program_transform_name='s,x,x,'
psdir='${docdir}'
runstatedir='${localstatedir}/run'
sbindir='${exec_prefix}/sbin'
sharedstatedir='${prefix}/com'
sysconfdir='${prefix}/etc'
systemd_dir=''
target_alias=''

## ----------- ##
## confdefs.h. ##
## ----------- ##

/* confdefs.h */
#define PACKAGE_NAME "guacamole-server"
#define PACKAGE_TARNAME "guacamole-server"
#define PACKAGE_VERSION "1.5.4"
#define PACKAGE_STRING "guacamole-server 1.5.4"
#define PACKAGE_BUGREPORT ""
#define PACKAGE_URL ""
#define PACKAGE "guacamole-server"
#define VERSION "1.5.4"
#define HAVE_STDIO_H 1
#define HAVE_STDLIB_H 1
#define HAVE_STRING_H 1
#define HAVE_INTTYPES_H 1
#define HAVE_STDINT_H 1
#define HAVE_STRINGS_H 1
#define HAVE_SYS_STAT_H 1
#define HAVE_SYS_TYPES_H 1
#define HAVE_UNISTD_H 1
#define STDC_HEADERS 1
#define HAVE_DLFCN_H 1
#define LT_OBJDIR ".libs/"
#define HAVE_FCNTL_H 1
#define HAVE_STDLIB_H 1
#define HAVE_STRING_H 1
#define HAVE_SYS_SOCKET_H 1
#define HAVE_TIME_H 1
#define HAVE_SYS_TIME_H 1
#define HAVE_SYSLOG_H 1
#define HAVE_UNISTD_H 1
#define HAVE_CAIRO_CAIRO_H 1
#define _XOPEN_SOURCE 700
#define __BSD_VISIBLE 1
#define HAVE_LIBPTHREAD /**/
#define HAVE_LIBUUID /**/
#define HAVE_CLOCK_GETTIME 1
#define HAVE_GETTIMEOFDAY 1
#define HAVE_MEMMOVE 1
#define HAVE_MEMSET 1
#define HAVE_SELECT 1
#define HAVE_STRDUP 1
#define HAVE_NANOSLEEP 1
#define HAVE_PNG_GET_IO_PTR /**/
#define HAVE_CAIRO_FORMAT_STRIDE_FOR_WIDTH /**/
#define HAVE_POLL /**/
#define GUACD_CONF_FILE "/etc/guacamole/guacd.conf"
#define ENABLE_SSL /**/
#define ENABLE_OGG /**/
#define ENABLE_PULSE /**/
#define HAVE_RFBCLIENT_DESTHOST 1
#define HAVE_RFBCLIENT_DESTPORT 1
#define ENABLE_VNC_REPEATER /**/
#define ENABLE_VNC_LISTEN /**/
#define HAVE_RFBCLIENT_LOCKWRITETOTLS 1
#define HAVE_RFBCLIENT_UNLOCKWRITETOTLS 1
#define ENABLE_VNC_TLS_LOCKING /**/
#define HAVE_RFBCLIENT_GETCREDENTIAL 1
#define ENABLE_VNC_GENERIC_CREDENTIALS /**/
#define HAVE_FREERDPCONVERTCOLOR /**/
#define FREERDP_GLYPH_CALLBACKS_ACCEPT_INT32 /**/
#define FREERDP_CLIPRDR_CALLBACKS_REQUIRE_CONST /**/
#define FREERDP_RAIL_CALLBACKS_REQUIRE_CONST /**/
#define HAVE_RDPSETTINGS_ALLOWUNANOUNCEDORDERSFROMSERVER 1
#define HAVE_FREERDP_VERIFYCERTIFICATEEX 1
#define ENABLE_COMMON_SSH /**/
#define ENABLE_WEBP /**/

configure: exit 0
